[0.871s] DEBUG:colcon:Command line arguments: ['/usr/bin/colcon', 'build', '--packages-select', 'my_robot_interfaces', '--symlink-install']
[0.872s] DEBUG:colcon:Parsed command line arguments: Namespace(log_base=None, log_level=None, verb_name='build', build_base='build', install_base='install', merge_install=False, symlink_install=True, test_result_base=None, continue_on_error=False, executor='parallel', parallel_workers=4, event_handlers=None, ignore_user_meta=False, metas=['./colcon.meta'], base_paths=['.'], packages_ignore=None, packages_ignore_regex=None, paths=None, packages_up_to=None, packages_up_to_regex=None, packages_above=None, packages_above_and_dependencies=None, packages_above_depth=None, packages_select_by_dep=None, packages_skip_by_dep=None, packages_skip_up_to=None, packages_select_build_failed=False, packages_skip_build_finished=False, packages_select_test_failures=False, packages_skip_test_passed=False, packages_select=['my_robot_interfaces'], packages_skip=None, packages_select_regex=None, packages_skip_regex=None, packages_start=None, packages_end=None, allow_overriding=[], cmake_args=None, cmake_target=None, cmake_target_skip_unavailable=False, cmake_clean_cache=False, cmake_clean_first=False, cmake_force_configure=False, ament_cmake_args=None, catkin_cmake_args=None, catkin_skip_building_tests=False, verb_parser=<colcon_defaults.argument_parser.defaults.DefaultArgumentsDecorator object at 0x7fd6ff0db520>, verb_extension=<colcon_core.verb.build.BuildVerb object at 0x7fd6ffa51510>, main=<bound method BuildVerb.main of <colcon_core.verb.build.BuildVerb object at 0x7fd6ffa51510>>)
[0.963s] Level 1:colcon.colcon_core.package_discovery:discover_packages(colcon_meta) check parameters
[0.963s] Level 1:colcon.colcon_core.package_discovery:discover_packages(recursive) check parameters
[0.963s] Level 1:colcon.colcon_core.package_discovery:discover_packages(ignore) check parameters
[0.964s] Level 1:colcon.colcon_core.package_discovery:discover_packages(path) check parameters
[0.964s] Level 1:colcon.colcon_core.package_discovery:discover_packages(colcon_meta) discover
[0.964s] Level 1:colcon.colcon_core.package_discovery:discover_packages(recursive) discover
[0.964s] INFO:colcon.colcon_core.package_discovery:Crawling recursively for packages in '/home/elamrani/ROS2_WS1'
[0.964s] Level 1:colcon.colcon_core.package_identification:_identify(.) by extensions ['ignore', 'ignore_ament_install']
[0.964s] Level 1:colcon.colcon_core.package_identification:_identify(.) by extension 'ignore'
[0.964s] Level 1:colcon.colcon_core.package_identification:_identify(.) by extension 'ignore_ament_install'
[0.964s] Level 1:colcon.colcon_core.package_identification:_identify(.) by extensions ['colcon_pkg']
[0.964s] Level 1:colcon.colcon_core.package_identification:_identify(.) by extension 'colcon_pkg'
[0.964s] Level 1:colcon.colcon_core.package_identification:_identify(.) by extensions ['colcon_meta']
[0.964s] Level 1:colcon.colcon_core.package_identification:_identify(.) by extension 'colcon_meta'
[0.964s] Level 1:colcon.colcon_core.package_identification:_identify(.) by extensions ['ros']
[0.964s] Level 1:colcon.colcon_core.package_identification:_identify(.) by extension 'ros'
[0.988s] Level 1:colcon.colcon_core.package_identification:_identify(.) by extensions ['cmake', 'python']
[0.988s] Level 1:colcon.colcon_core.package_identification:_identify(.) by extension 'cmake'
[0.988s] Level 1:colcon.colcon_core.package_identification:_identify(.) by extension 'python'
[0.988s] Level 1:colcon.colcon_core.package_identification:_identify(.) by extensions ['python_setup_py']
[0.988s] Level 1:colcon.colcon_core.package_identification:_identify(.) by extension 'python_setup_py'
[0.988s] Level 1:colcon.colcon_core.package_identification:_identify(build) by extensions ['ignore', 'ignore_ament_install']
[0.988s] Level 1:colcon.colcon_core.package_identification:_identify(build) by extension 'ignore'
[0.988s] Level 1:colcon.colcon_core.package_identification:_identify(build) ignored
[0.989s] Level 1:colcon.colcon_core.package_identification:_identify(install) by extensions ['ignore', 'ignore_ament_install']
[0.989s] Level 1:colcon.colcon_core.package_identification:_identify(install) by extension 'ignore'
[0.989s] Level 1:colcon.colcon_core.package_identification:_identify(install) ignored
[0.989s] Level 1:colcon.colcon_core.package_identification:_identify(log) by extensions ['ignore', 'ignore_ament_install']
[0.989s] Level 1:colcon.colcon_core.package_identification:_identify(log) by extension 'ignore'
[0.989s] Level 1:colcon.colcon_core.package_identification:_identify(log) ignored
[0.989s] Level 1:colcon.colcon_core.package_identification:_identify(src) by extensions ['ignore', 'ignore_ament_install']
[0.990s] Level 1:colcon.colcon_core.package_identification:_identify(src) by extension 'ignore'
[0.990s] Level 1:colcon.colcon_core.package_identification:_identify(src) by extension 'ignore_ament_install'
[0.990s] Level 1:colcon.colcon_core.package_identification:_identify(src) by extensions ['colcon_pkg']
[0.990s] Level 1:colcon.colcon_core.package_identification:_identify(src) by extension 'colcon_pkg'
[0.990s] Level 1:colcon.colcon_core.package_identification:_identify(src) by extensions ['colcon_meta']
[0.990s] Level 1:colcon.colcon_core.package_identification:_identify(src) by extension 'colcon_meta'
[0.990s] Level 1:colcon.colcon_core.package_identification:_identify(src) by extensions ['ros']
[0.990s] Level 1:colcon.colcon_core.package_identification:_identify(src) by extension 'ros'
[0.991s] Level 1:colcon.colcon_core.package_identification:_identify(src) by extensions ['cmake', 'python']
[0.991s] Level 1:colcon.colcon_core.package_identification:_identify(src) by extension 'cmake'
[0.991s] Level 1:colcon.colcon_core.package_identification:_identify(src) by extension 'python'
[0.991s] Level 1:colcon.colcon_core.package_identification:_identify(src) by extensions ['python_setup_py']
[0.991s] Level 1:colcon.colcon_core.package_identification:_identify(src) by extension 'python_setup_py'
[0.991s] Level 1:colcon.colcon_core.package_identification:_identify(src/my_py_pkg) by extensions ['ignore', 'ignore_ament_install']
[0.991s] Level 1:colcon.colcon_core.package_identification:_identify(src/my_py_pkg) by extension 'ignore'
[0.992s] Level 1:colcon.colcon_core.package_identification:_identify(src/my_py_pkg) by extension 'ignore_ament_install'
[0.992s] Level 1:colcon.colcon_core.package_identification:_identify(src/my_py_pkg) by extensions ['colcon_pkg']
[0.992s] Level 1:colcon.colcon_core.package_identification:_identify(src/my_py_pkg) by extension 'colcon_pkg'
[0.992s] Level 1:colcon.colcon_core.package_identification:_identify(src/my_py_pkg) by extensions ['colcon_meta']
[0.992s] Level 1:colcon.colcon_core.package_identification:_identify(src/my_py_pkg) by extension 'colcon_meta'
[0.992s] Level 1:colcon.colcon_core.package_identification:_identify(src/my_py_pkg) by extensions ['ros']
[0.992s] Level 1:colcon.colcon_core.package_identification:_identify(src/my_py_pkg) by extension 'ros'
[0.997s] DEBUG:colcon.colcon_core.package_identification:Package 'src/my_py_pkg' with type 'ros.ament_python' and name 'my_py_pkg'
[0.997s] Level 1:colcon.colcon_core.package_identification:_identify(src/my_robot_bringup) by extensions ['ignore', 'ignore_ament_install']
[0.997s] Level 1:colcon.colcon_core.package_identification:_identify(src/my_robot_bringup) by extension 'ignore'
[0.997s] Level 1:colcon.colcon_core.package_identification:_identify(src/my_robot_bringup) by extension 'ignore_ament_install'
[0.997s] Level 1:colcon.colcon_core.package_identification:_identify(src/my_robot_bringup) by extensions ['colcon_pkg']
[0.997s] Level 1:colcon.colcon_core.package_identification:_identify(src/my_robot_bringup) by extension 'colcon_pkg'
[0.997s] Level 1:colcon.colcon_core.package_identification:_identify(src/my_robot_bringup) by extensions ['colcon_meta']
[0.998s] Level 1:colcon.colcon_core.package_identification:_identify(src/my_robot_bringup) by extension 'colcon_meta'
[0.998s] Level 1:colcon.colcon_core.package_identification:_identify(src/my_robot_bringup) by extensions ['ros']
[0.998s] Level 1:colcon.colcon_core.package_identification:_identify(src/my_robot_bringup) by extension 'ros'
[0.998s] DEBUG:colcon.colcon_core.package_identification:Package 'src/my_robot_bringup' with type 'ros.ament_cmake' and name 'my_robot_bringup'
[0.998s] Level 1:colcon.colcon_core.package_identification:_identify(src/my_robot_interfaces) by extensions ['ignore', 'ignore_ament_install']
[0.998s] Level 1:colcon.colcon_core.package_identification:_identify(src/my_robot_interfaces) by extension 'ignore'
[0.999s] Level 1:colcon.colcon_core.package_identification:_identify(src/my_robot_interfaces) by extension 'ignore_ament_install'
[0.999s] Level 1:colcon.colcon_core.package_identification:_identify(src/my_robot_interfaces) by extensions ['colcon_pkg']
[0.999s] Level 1:colcon.colcon_core.package_identification:_identify(src/my_robot_interfaces) by extension 'colcon_pkg'
[0.999s] Level 1:colcon.colcon_core.package_identification:_identify(src/my_robot_interfaces) by extensions ['colcon_meta']
[0.999s] Level 1:colcon.colcon_core.package_identification:_identify(src/my_robot_interfaces) by extension 'colcon_meta'
[0.999s] Level 1:colcon.colcon_core.package_identification:_identify(src/my_robot_interfaces) by extensions ['ros']
[0.999s] Level 1:colcon.colcon_core.package_identification:_identify(src/my_robot_interfaces) by extension 'ros'
[1.000s] DEBUG:colcon.colcon_core.package_identification:Package 'src/my_robot_interfaces' with type 'ros.ament_cmake' and name 'my_robot_interfaces'
[1.000s] Level 1:colcon.colcon_core.package_discovery:discover_packages(recursive) using defaults
[1.000s] Level 1:colcon.colcon_core.package_discovery:discover_packages(ignore) discover
[1.000s] Level 1:colcon.colcon_core.package_discovery:discover_packages(ignore) using defaults
[1.000s] Level 1:colcon.colcon_core.package_discovery:discover_packages(path) discover
[1.000s] Level 1:colcon.colcon_core.package_discovery:discover_packages(path) using defaults
[1.122s] INFO:colcon.colcon_core.package_selection:Skipping not selected package 'my_py_pkg' in 'src/my_py_pkg'
[1.122s] INFO:colcon.colcon_core.package_selection:Skipping not selected package 'my_robot_bringup' in 'src/my_robot_bringup'
[1.124s] Level 1:colcon.colcon_core.package_discovery:discover_packages(prefix_path) check parameters
[1.124s] Level 1:colcon.colcon_core.package_discovery:discover_packages(prefix_path) discover
[1.305s] DEBUG:colcon.colcon_installed_package_information.package_discovery:Found 340 installed packages in /home/elamrani/ros2_humble/install
[1.309s] DEBUG:colcon.colcon_installed_package_information.package_discovery:Found 3 installed packages in /home/elamrani/ROS2_WS1/install
[1.311s] DEBUG:colcon.colcon_installed_package_information.package_discovery:Found 1 installed packages in /home/elamrani/ROS2_WS/install
[1.315s] DEBUG:colcon.colcon_installed_package_information.package_discovery:Found 148 installed packages in /opt/ros/humble
[1.329s] Level 1:colcon.colcon_core.package_discovery:discover_packages(prefix_path) using defaults
[2.287s] Level 5:colcon.colcon_core.verb:set package 'my_robot_interfaces' build argument 'cmake_args' from command line to 'None'
[2.287s] Level 5:colcon.colcon_core.verb:set package 'my_robot_interfaces' build argument 'cmake_target' from command line to 'None'
[2.288s] Level 5:colcon.colcon_core.verb:set package 'my_robot_interfaces' build argument 'cmake_target_skip_unavailable' from command line to 'False'
[2.288s] Level 5:colcon.colcon_core.verb:set package 'my_robot_interfaces' build argument 'cmake_clean_cache' from command line to 'False'
[2.288s] Level 5:colcon.colcon_core.verb:set package 'my_robot_interfaces' build argument 'cmake_clean_first' from command line to 'False'
[2.288s] Level 5:colcon.colcon_core.verb:set package 'my_robot_interfaces' build argument 'cmake_force_configure' from command line to 'False'
[2.288s] Level 5:colcon.colcon_core.verb:set package 'my_robot_interfaces' build argument 'ament_cmake_args' from command line to 'None'
[2.288s] Level 5:colcon.colcon_core.verb:set package 'my_robot_interfaces' build argument 'catkin_cmake_args' from command line to 'None'
[2.288s] Level 5:colcon.colcon_core.verb:set package 'my_robot_interfaces' build argument 'catkin_skip_building_tests' from command line to 'False'
[2.288s] DEBUG:colcon.colcon_core.verb:Building package 'my_robot_interfaces' with the following arguments: {'ament_cmake_args': None, 'build_base': '/home/elamrani/ROS2_WS1/build/my_robot_interfaces', 'catkin_cmake_args': None, 'catkin_skip_building_tests': False, 'cmake_args': None, 'cmake_clean_cache': False, 'cmake_clean_first': False, 'cmake_force_configure': False, 'cmake_target': None, 'cmake_target_skip_unavailable': False, 'install_base': '/home/elamrani/ROS2_WS1/install/my_robot_interfaces', 'merge_install': False, 'path': '/home/elamrani/ROS2_WS1/src/my_robot_interfaces', 'symlink_install': True, 'test_result_base': None}
[2.290s] INFO:colcon.colcon_core.executor:Executing jobs using 'parallel' executor
[2.303s] DEBUG:colcon.colcon_parallel_executor.executor.parallel:run_until_complete
[2.303s] INFO:colcon.colcon_ros.task.ament_cmake.build:Building ROS package in '/home/elamrani/ROS2_WS1/src/my_robot_interfaces' with build type 'ament_cmake'
[2.303s] INFO:colcon.colcon_cmake.task.cmake.build:Building CMake package in '/home/elamrani/ROS2_WS1/src/my_robot_interfaces'
[2.334s] INFO:colcon.colcon_core.plugin_system:Skipping extension 'colcon_core.shell.bat': Not used on non-Windows systems
[2.334s] INFO:colcon.colcon_core.shell:Skip shell extension 'powershell' for command environment: Not usable outside of PowerShell
[2.334s] DEBUG:colcon.colcon_core.shell:Skip shell extension 'dsv' for command environment
[2.446s] DEBUG:colcon.colcon_core.event_handler.log_command:Invoking command in '/home/elamrani/ROS2_WS1/build/my_robot_interfaces': CMAKE_PREFIX_PATH=${CMAKE_PREFIX_PATH}:/home/elamrani/ROS2_WS1/install/my_py_pkg:/home/elamrani/ros2_humble/install/rqt_bag_plugins:/home/elamrani/ros2_humble/install/rqt_bag:/home/elamrani/ros2_humble/install/ros2bag:/home/elamrani/ros2_humble/install/tracetools_test:/home/elamrani/ros2_humble/install/tracetools_launch:/home/elamrani/ros2_humble/install/topic_monitor:/home/elamrani/ros2_humble/install/tf2_tools:/home/elamrani/ros2_humble/install/examples_tf2_py:/home/elamrani/ros2_humble/install/tf2_ros_py:/home/elamrani/ros2_humble/install/sros2:/home/elamrani/ros2_humble/install/rqt_topic:/home/elamrani/ros2_humble/install/rqt_srv:/home/elamrani/ros2_humble/install/rqt_shell:/home/elamrani/ros2_humble/install/rqt_service_caller:/home/elamrani/ros2_humble/install/rqt_reconfigure:/home/elamrani/ros2_humble/install/rqt_py_console:/home/elamrani/ros2_humble/install/rqt_publisher:/home/elamrani/ros2_humble/install/rqt_plot:/home/elamrani/ros2_humble/install/rqt_action:/home/elamrani/ros2_humble/install/rqt_msg:/home/elamrani/ros2_humble/install/rqt_console:/home/elamrani/ros2_humble/install/rqt:/home/elamrani/ros2_humble/install/rqt_graph:/home/elamrani/ros2_humble/install/rqt_gui_py:/home/elamrani/ros2_humble/install/rqt_gui:/home/elamrani/ros2_humble/install/ros2trace:/home/elamrani/ros2_humble/install/ros2topic:/home/elamrani/ros2_humble/install/ros2test:/home/elamrani/ros2_humble/install/ros2component:/home/elamrani/ros2_humble/install/ros2param:/home/elamrani/ros2_humble/install/ros2lifecycle:/home/elamrani/ros2_humble/install/ros2service:/home/elamrani/ros2_humble/install/ros2run:/home/elamrani/ros2_humble/install/ros2launch:/home/elamrani/ros2_humble/install/ros2pkg:/home/elamrani/ros2_humble/install/ros2node:/home/elamrani/ros2_humble/install/ros2multicast:/home/elamrani/ros2_humble/install/ros2interface:/home/elamrani/ros2_humble/install/ros2doctor:/home/elamrani/ros2_humble/install/ros2action:/home/elamrani/ros2_humble/install/ros2cli:/home/elamrani/ros2_humble/install/quality_of_service_demo_py:/home/elamrani/ros2_humble/install/lifecycle_py:/home/elamrani/ros2_humble/install/launch_testing_ros:/home/elamrani/ros2_humble/install/launch_ros:/home/elamrani/ros2_humble/install/examples_rclpy_pointcloud_publisher:/home/elamrani/ros2_humble/install/examples_rclpy_minimal_subscriber:/home/elamrani/ros2_humble/install/examples_rclpy_minimal_service:/home/elamrani/ros2_humble/install/examples_rclpy_minimal_publisher:/home/elamrani/ros2_humble/install/examples_rclpy_minimal_client:/home/elamrani/ros2_humble/install/examples_rclpy_minimal_action_server:/home/elamrani/ros2_humble/install/examples_rclpy_minimal_action_client:/home/elamrani/ros2_humble/install/examples_rclpy_guard_conditions:/home/elamrani/ros2_humble/install/examples_rclpy_executors:/home/elamrani/ros2_humble/install/demo_nodes_py:/home/elamrani/ros2_humble/install/action_tutorials_py:/home/elamrani/ros2_humble/install/ament_uncrustify:/home/elamrani/ros2_humble/install/tracetools_trace:/home/elamrani/ros2_humble/install/tracetools_read:/home/elamrani/ros2_humble/install/test_tracetools_launch:/home/elamrani/ros2_humble/install/test_launch_ros:/home/elamrani/ros2_humble/install/sensor_msgs_py:/home/elamrani/ros2_humble/install/rpyutils:/home/elamrani/ros2_humble/install/rosidl_runtime_py:/home/elamrani/ros2_humble/install/rosidl_cli:/home/elamrani/ros2_humble/install/launch_pytest:/home/elamrani/ros2_humble/install/launch_testing:/home/elamrani/ros2_humble/install/launch_yaml:/home/elamrani/ros2_humble/install/launch_xml:/home/elamrani/ros2_humble/install/launch:/home/elamrani/ros2_humble/install/osrf_pycommon:/home/elamrani/ros2_humble/install/launch_testing_examples:/home/elamrani/ros2_humble/install/domain_coordinator:/home/elamrani/ros2_humble/install/ament_xmllint:/home/elamrani/ros2_humble/install/ament_pyflakes:/home/elamrani/ros2_humble/install/ament_pycodestyle:/home/elamrani/ros2_humble/install/ament_pep257:/home/elamrani/ros2_humble/install/ament_pclint:/home/elamrani/ros2_humble/install/ament_package:/home/elamrani/ros2_humble/install/ament_mypy:/home/elamrani/ros2_humble/install/ament_lint_cmake:/home/elamrani/ros2_humble/install/ament_flake8:/home/elamrani/ros2_humble/install/ament_copyright:/home/elamrani/ros2_humble/install/ament_lint:/home/elamrani/ros2_humble/install/ament_index_python:/home/elamrani/ros2_humble/install/ament_cpplint:/home/elamrani/ros2_humble/install/ament_cppcheck:/home/elamrani/ros2_humble/install/ament_clang_tidy:/home/elamrani/ros2_humble/install/ament_clang_format:/opt/ros/humble /usr/bin/cmake /home/elamrani/ROS2_WS1/src/my_robot_interfaces -DAMENT_CMAKE_SYMLINK_INSTALL=1 -DCMAKE_INSTALL_PREFIX=/home/elamrani/ROS2_WS1/install/my_robot_interfaces
[15.164s] DEBUG:colcon.colcon_core.event_handler.log_command:Invoked command in '/home/elamrani/ROS2_WS1/build/my_robot_interfaces' returned '0': CMAKE_PREFIX_PATH=${CMAKE_PREFIX_PATH}:/home/elamrani/ROS2_WS1/install/my_py_pkg:/home/elamrani/ros2_humble/install/rqt_bag_plugins:/home/elamrani/ros2_humble/install/rqt_bag:/home/elamrani/ros2_humble/install/ros2bag:/home/elamrani/ros2_humble/install/tracetools_test:/home/elamrani/ros2_humble/install/tracetools_launch:/home/elamrani/ros2_humble/install/topic_monitor:/home/elamrani/ros2_humble/install/tf2_tools:/home/elamrani/ros2_humble/install/examples_tf2_py:/home/elamrani/ros2_humble/install/tf2_ros_py:/home/elamrani/ros2_humble/install/sros2:/home/elamrani/ros2_humble/install/rqt_topic:/home/elamrani/ros2_humble/install/rqt_srv:/home/elamrani/ros2_humble/install/rqt_shell:/home/elamrani/ros2_humble/install/rqt_service_caller:/home/elamrani/ros2_humble/install/rqt_reconfigure:/home/elamrani/ros2_humble/install/rqt_py_console:/home/elamrani/ros2_humble/install/rqt_publisher:/home/elamrani/ros2_humble/install/rqt_plot:/home/elamrani/ros2_humble/install/rqt_action:/home/elamrani/ros2_humble/install/rqt_msg:/home/elamrani/ros2_humble/install/rqt_console:/home/elamrani/ros2_humble/install/rqt:/home/elamrani/ros2_humble/install/rqt_graph:/home/elamrani/ros2_humble/install/rqt_gui_py:/home/elamrani/ros2_humble/install/rqt_gui:/home/elamrani/ros2_humble/install/ros2trace:/home/elamrani/ros2_humble/install/ros2topic:/home/elamrani/ros2_humble/install/ros2test:/home/elamrani/ros2_humble/install/ros2component:/home/elamrani/ros2_humble/install/ros2param:/home/elamrani/ros2_humble/install/ros2lifecycle:/home/elamrani/ros2_humble/install/ros2service:/home/elamrani/ros2_humble/install/ros2run:/home/elamrani/ros2_humble/install/ros2launch:/home/elamrani/ros2_humble/install/ros2pkg:/home/elamrani/ros2_humble/install/ros2node:/home/elamrani/ros2_humble/install/ros2multicast:/home/elamrani/ros2_humble/install/ros2interface:/home/elamrani/ros2_humble/install/ros2doctor:/home/elamrani/ros2_humble/install/ros2action:/home/elamrani/ros2_humble/install/ros2cli:/home/elamrani/ros2_humble/install/quality_of_service_demo_py:/home/elamrani/ros2_humble/install/lifecycle_py:/home/elamrani/ros2_humble/install/launch_testing_ros:/home/elamrani/ros2_humble/install/launch_ros:/home/elamrani/ros2_humble/install/examples_rclpy_pointcloud_publisher:/home/elamrani/ros2_humble/install/examples_rclpy_minimal_subscriber:/home/elamrani/ros2_humble/install/examples_rclpy_minimal_service:/home/elamrani/ros2_humble/install/examples_rclpy_minimal_publisher:/home/elamrani/ros2_humble/install/examples_rclpy_minimal_client:/home/elamrani/ros2_humble/install/examples_rclpy_minimal_action_server:/home/elamrani/ros2_humble/install/examples_rclpy_minimal_action_client:/home/elamrani/ros2_humble/install/examples_rclpy_guard_conditions:/home/elamrani/ros2_humble/install/examples_rclpy_executors:/home/elamrani/ros2_humble/install/demo_nodes_py:/home/elamrani/ros2_humble/install/action_tutorials_py:/home/elamrani/ros2_humble/install/ament_uncrustify:/home/elamrani/ros2_humble/install/tracetools_trace:/home/elamrani/ros2_humble/install/tracetools_read:/home/elamrani/ros2_humble/install/test_tracetools_launch:/home/elamrani/ros2_humble/install/test_launch_ros:/home/elamrani/ros2_humble/install/sensor_msgs_py:/home/elamrani/ros2_humble/install/rpyutils:/home/elamrani/ros2_humble/install/rosidl_runtime_py:/home/elamrani/ros2_humble/install/rosidl_cli:/home/elamrani/ros2_humble/install/launch_pytest:/home/elamrani/ros2_humble/install/launch_testing:/home/elamrani/ros2_humble/install/launch_yaml:/home/elamrani/ros2_humble/install/launch_xml:/home/elamrani/ros2_humble/install/launch:/home/elamrani/ros2_humble/install/osrf_pycommon:/home/elamrani/ros2_humble/install/launch_testing_examples:/home/elamrani/ros2_humble/install/domain_coordinator:/home/elamrani/ros2_humble/install/ament_xmllint:/home/elamrani/ros2_humble/install/ament_pyflakes:/home/elamrani/ros2_humble/install/ament_pycodestyle:/home/elamrani/ros2_humble/install/ament_pep257:/home/elamrani/ros2_humble/install/ament_pclint:/home/elamrani/ros2_humble/install/ament_package:/home/elamrani/ros2_humble/install/ament_mypy:/home/elamrani/ros2_humble/install/ament_lint_cmake:/home/elamrani/ros2_humble/install/ament_flake8:/home/elamrani/ros2_humble/install/ament_copyright:/home/elamrani/ros2_humble/install/ament_lint:/home/elamrani/ros2_humble/install/ament_index_python:/home/elamrani/ros2_humble/install/ament_cpplint:/home/elamrani/ros2_humble/install/ament_cppcheck:/home/elamrani/ros2_humble/install/ament_clang_tidy:/home/elamrani/ros2_humble/install/ament_clang_format:/opt/ros/humble /usr/bin/cmake /home/elamrani/ROS2_WS1/src/my_robot_interfaces -DAMENT_CMAKE_SYMLINK_INSTALL=1 -DCMAKE_INSTALL_PREFIX=/home/elamrani/ROS2_WS1/install/my_robot_interfaces
[15.169s] DEBUG:colcon.colcon_core.event_handler.log_command:Invoking command in '/home/elamrani/ROS2_WS1/build/my_robot_interfaces': CMAKE_PREFIX_PATH=${CMAKE_PREFIX_PATH}:/home/elamrani/ROS2_WS1/install/my_py_pkg:/home/elamrani/ros2_humble/install/rqt_bag_plugins:/home/elamrani/ros2_humble/install/rqt_bag:/home/elamrani/ros2_humble/install/ros2bag:/home/elamrani/ros2_humble/install/tracetools_test:/home/elamrani/ros2_humble/install/tracetools_launch:/home/elamrani/ros2_humble/install/topic_monitor:/home/elamrani/ros2_humble/install/tf2_tools:/home/elamrani/ros2_humble/install/examples_tf2_py:/home/elamrani/ros2_humble/install/tf2_ros_py:/home/elamrani/ros2_humble/install/sros2:/home/elamrani/ros2_humble/install/rqt_topic:/home/elamrani/ros2_humble/install/rqt_srv:/home/elamrani/ros2_humble/install/rqt_shell:/home/elamrani/ros2_humble/install/rqt_service_caller:/home/elamrani/ros2_humble/install/rqt_reconfigure:/home/elamrani/ros2_humble/install/rqt_py_console:/home/elamrani/ros2_humble/install/rqt_publisher:/home/elamrani/ros2_humble/install/rqt_plot:/home/elamrani/ros2_humble/install/rqt_action:/home/elamrani/ros2_humble/install/rqt_msg:/home/elamrani/ros2_humble/install/rqt_console:/home/elamrani/ros2_humble/install/rqt:/home/elamrani/ros2_humble/install/rqt_graph:/home/elamrani/ros2_humble/install/rqt_gui_py:/home/elamrani/ros2_humble/install/rqt_gui:/home/elamrani/ros2_humble/install/ros2trace:/home/elamrani/ros2_humble/install/ros2topic:/home/elamrani/ros2_humble/install/ros2test:/home/elamrani/ros2_humble/install/ros2component:/home/elamrani/ros2_humble/install/ros2param:/home/elamrani/ros2_humble/install/ros2lifecycle:/home/elamrani/ros2_humble/install/ros2service:/home/elamrani/ros2_humble/install/ros2run:/home/elamrani/ros2_humble/install/ros2launch:/home/elamrani/ros2_humble/install/ros2pkg:/home/elamrani/ros2_humble/install/ros2node:/home/elamrani/ros2_humble/install/ros2multicast:/home/elamrani/ros2_humble/install/ros2interface:/home/elamrani/ros2_humble/install/ros2doctor:/home/elamrani/ros2_humble/install/ros2action:/home/elamrani/ros2_humble/install/ros2cli:/home/elamrani/ros2_humble/install/quality_of_service_demo_py:/home/elamrani/ros2_humble/install/lifecycle_py:/home/elamrani/ros2_humble/install/launch_testing_ros:/home/elamrani/ros2_humble/install/launch_ros:/home/elamrani/ros2_humble/install/examples_rclpy_pointcloud_publisher:/home/elamrani/ros2_humble/install/examples_rclpy_minimal_subscriber:/home/elamrani/ros2_humble/install/examples_rclpy_minimal_service:/home/elamrani/ros2_humble/install/examples_rclpy_minimal_publisher:/home/elamrani/ros2_humble/install/examples_rclpy_minimal_client:/home/elamrani/ros2_humble/install/examples_rclpy_minimal_action_server:/home/elamrani/ros2_humble/install/examples_rclpy_minimal_action_client:/home/elamrani/ros2_humble/install/examples_rclpy_guard_conditions:/home/elamrani/ros2_humble/install/examples_rclpy_executors:/home/elamrani/ros2_humble/install/demo_nodes_py:/home/elamrani/ros2_humble/install/action_tutorials_py:/home/elamrani/ros2_humble/install/ament_uncrustify:/home/elamrani/ros2_humble/install/tracetools_trace:/home/elamrani/ros2_humble/install/tracetools_read:/home/elamrani/ros2_humble/install/test_tracetools_launch:/home/elamrani/ros2_humble/install/test_launch_ros:/home/elamrani/ros2_humble/install/sensor_msgs_py:/home/elamrani/ros2_humble/install/rpyutils:/home/elamrani/ros2_humble/install/rosidl_runtime_py:/home/elamrani/ros2_humble/install/rosidl_cli:/home/elamrani/ros2_humble/install/launch_pytest:/home/elamrani/ros2_humble/install/launch_testing:/home/elamrani/ros2_humble/install/launch_yaml:/home/elamrani/ros2_humble/install/launch_xml:/home/elamrani/ros2_humble/install/launch:/home/elamrani/ros2_humble/install/osrf_pycommon:/home/elamrani/ros2_humble/install/launch_testing_examples:/home/elamrani/ros2_humble/install/domain_coordinator:/home/elamrani/ros2_humble/install/ament_xmllint:/home/elamrani/ros2_humble/install/ament_pyflakes:/home/elamrani/ros2_humble/install/ament_pycodestyle:/home/elamrani/ros2_humble/install/ament_pep257:/home/elamrani/ros2_humble/install/ament_pclint:/home/elamrani/ros2_humble/install/ament_package:/home/elamrani/ros2_humble/install/ament_mypy:/home/elamrani/ros2_humble/install/ament_lint_cmake:/home/elamrani/ros2_humble/install/ament_flake8:/home/elamrani/ros2_humble/install/ament_copyright:/home/elamrani/ros2_humble/install/ament_lint:/home/elamrani/ros2_humble/install/ament_index_python:/home/elamrani/ros2_humble/install/ament_cpplint:/home/elamrani/ros2_humble/install/ament_cppcheck:/home/elamrani/ros2_humble/install/ament_clang_tidy:/home/elamrani/ros2_humble/install/ament_clang_format:/opt/ros/humble /usr/bin/cmake --build /home/elamrani/ROS2_WS1/build/my_robot_interfaces -- -j4 -l4
[18.164s] DEBUG:colcon.colcon_core.event_handler.log_command:Invoked command in '/home/elamrani/ROS2_WS1/build/my_robot_interfaces' returned '2': CMAKE_PREFIX_PATH=${CMAKE_PREFIX_PATH}:/home/elamrani/ROS2_WS1/install/my_py_pkg:/home/elamrani/ros2_humble/install/rqt_bag_plugins:/home/elamrani/ros2_humble/install/rqt_bag:/home/elamrani/ros2_humble/install/ros2bag:/home/elamrani/ros2_humble/install/tracetools_test:/home/elamrani/ros2_humble/install/tracetools_launch:/home/elamrani/ros2_humble/install/topic_monitor:/home/elamrani/ros2_humble/install/tf2_tools:/home/elamrani/ros2_humble/install/examples_tf2_py:/home/elamrani/ros2_humble/install/tf2_ros_py:/home/elamrani/ros2_humble/install/sros2:/home/elamrani/ros2_humble/install/rqt_topic:/home/elamrani/ros2_humble/install/rqt_srv:/home/elamrani/ros2_humble/install/rqt_shell:/home/elamrani/ros2_humble/install/rqt_service_caller:/home/elamrani/ros2_humble/install/rqt_reconfigure:/home/elamrani/ros2_humble/install/rqt_py_console:/home/elamrani/ros2_humble/install/rqt_publisher:/home/elamrani/ros2_humble/install/rqt_plot:/home/elamrani/ros2_humble/install/rqt_action:/home/elamrani/ros2_humble/install/rqt_msg:/home/elamrani/ros2_humble/install/rqt_console:/home/elamrani/ros2_humble/install/rqt:/home/elamrani/ros2_humble/install/rqt_graph:/home/elamrani/ros2_humble/install/rqt_gui_py:/home/elamrani/ros2_humble/install/rqt_gui:/home/elamrani/ros2_humble/install/ros2trace:/home/elamrani/ros2_humble/install/ros2topic:/home/elamrani/ros2_humble/install/ros2test:/home/elamrani/ros2_humble/install/ros2component:/home/elamrani/ros2_humble/install/ros2param:/home/elamrani/ros2_humble/install/ros2lifecycle:/home/elamrani/ros2_humble/install/ros2service:/home/elamrani/ros2_humble/install/ros2run:/home/elamrani/ros2_humble/install/ros2launch:/home/elamrani/ros2_humble/install/ros2pkg:/home/elamrani/ros2_humble/install/ros2node:/home/elamrani/ros2_humble/install/ros2multicast:/home/elamrani/ros2_humble/install/ros2interface:/home/elamrani/ros2_humble/install/ros2doctor:/home/elamrani/ros2_humble/install/ros2action:/home/elamrani/ros2_humble/install/ros2cli:/home/elamrani/ros2_humble/install/quality_of_service_demo_py:/home/elamrani/ros2_humble/install/lifecycle_py:/home/elamrani/ros2_humble/install/launch_testing_ros:/home/elamrani/ros2_humble/install/launch_ros:/home/elamrani/ros2_humble/install/examples_rclpy_pointcloud_publisher:/home/elamrani/ros2_humble/install/examples_rclpy_minimal_subscriber:/home/elamrani/ros2_humble/install/examples_rclpy_minimal_service:/home/elamrani/ros2_humble/install/examples_rclpy_minimal_publisher:/home/elamrani/ros2_humble/install/examples_rclpy_minimal_client:/home/elamrani/ros2_humble/install/examples_rclpy_minimal_action_server:/home/elamrani/ros2_humble/install/examples_rclpy_minimal_action_client:/home/elamrani/ros2_humble/install/examples_rclpy_guard_conditions:/home/elamrani/ros2_humble/install/examples_rclpy_executors:/home/elamrani/ros2_humble/install/demo_nodes_py:/home/elamrani/ros2_humble/install/action_tutorials_py:/home/elamrani/ros2_humble/install/ament_uncrustify:/home/elamrani/ros2_humble/install/tracetools_trace:/home/elamrani/ros2_humble/install/tracetools_read:/home/elamrani/ros2_humble/install/test_tracetools_launch:/home/elamrani/ros2_humble/install/test_launch_ros:/home/elamrani/ros2_humble/install/sensor_msgs_py:/home/elamrani/ros2_humble/install/rpyutils:/home/elamrani/ros2_humble/install/rosidl_runtime_py:/home/elamrani/ros2_humble/install/rosidl_cli:/home/elamrani/ros2_humble/install/launch_pytest:/home/elamrani/ros2_humble/install/launch_testing:/home/elamrani/ros2_humble/install/launch_yaml:/home/elamrani/ros2_humble/install/launch_xml:/home/elamrani/ros2_humble/install/launch:/home/elamrani/ros2_humble/install/osrf_pycommon:/home/elamrani/ros2_humble/install/launch_testing_examples:/home/elamrani/ros2_humble/install/domain_coordinator:/home/elamrani/ros2_humble/install/ament_xmllint:/home/elamrani/ros2_humble/install/ament_pyflakes:/home/elamrani/ros2_humble/install/ament_pycodestyle:/home/elamrani/ros2_humble/install/ament_pep257:/home/elamrani/ros2_humble/install/ament_pclint:/home/elamrani/ros2_humble/install/ament_package:/home/elamrani/ros2_humble/install/ament_mypy:/home/elamrani/ros2_humble/install/ament_lint_cmake:/home/elamrani/ros2_humble/install/ament_flake8:/home/elamrani/ros2_humble/install/ament_copyright:/home/elamrani/ros2_humble/install/ament_lint:/home/elamrani/ros2_humble/install/ament_index_python:/home/elamrani/ros2_humble/install/ament_cpplint:/home/elamrani/ros2_humble/install/ament_cppcheck:/home/elamrani/ros2_humble/install/ament_clang_tidy:/home/elamrani/ros2_humble/install/ament_clang_format:/opt/ros/humble /usr/bin/cmake --build /home/elamrani/ROS2_WS1/build/my_robot_interfaces -- -j4 -l4
[18.676s] Level 1:colcon.colcon_core.environment:create_environment_scripts_only(my_robot_interfaces)
[18.749s] Level 1:colcon.colcon_core.environment:checking '/home/elamrani/ROS2_WS1/install/my_robot_interfaces' for CMake module files
[18.750s] Level 1:colcon.colcon_core.environment:checking '/home/elamrani/ROS2_WS1/install/my_robot_interfaces' for CMake config files
[18.750s] Level 1:colcon.colcon_core.environment:checking '/home/elamrani/ROS2_WS1/install/my_robot_interfaces/bin'
[18.751s] Level 1:colcon.colcon_core.environment:checking '/home/elamrani/ROS2_WS1/install/my_robot_interfaces/lib/pkgconfig/my_robot_interfaces.pc'
[18.751s] Level 1:colcon.colcon_core.environment:checking '/home/elamrani/ROS2_WS1/install/my_robot_interfaces/lib/python3.10/site-packages'
[18.752s] Level 1:colcon.colcon_core.environment:checking '/home/elamrani/ROS2_WS1/install/my_robot_interfaces/bin'
[18.756s] INFO:colcon.colcon_core.shell:Creating package script '/home/elamrani/ROS2_WS1/install/my_robot_interfaces/share/my_robot_interfaces/package.ps1'
[18.759s] INFO:colcon.colcon_core.shell:Creating package descriptor '/home/elamrani/ROS2_WS1/install/my_robot_interfaces/share/my_robot_interfaces/package.dsv'
[18.760s] INFO:colcon.colcon_core.shell:Creating package script '/home/elamrani/ROS2_WS1/install/my_robot_interfaces/share/my_robot_interfaces/package.sh'
[18.762s] INFO:colcon.colcon_core.shell:Creating package script '/home/elamrani/ROS2_WS1/install/my_robot_interfaces/share/my_robot_interfaces/package.bash'
[18.764s] INFO:colcon.colcon_core.shell:Creating package script '/home/elamrani/ROS2_WS1/install/my_robot_interfaces/share/my_robot_interfaces/package.zsh'
[18.766s] Level 1:colcon.colcon_core.environment:create_file_with_runtime_dependencies(/home/elamrani/ROS2_WS1/install/my_robot_interfaces/share/colcon-core/packages/my_robot_interfaces)
[18.777s] DEBUG:colcon.colcon_parallel_executor.executor.parallel:closing loop
[18.777s] DEBUG:colcon.colcon_parallel_executor.executor.parallel:loop closed
[18.777s] DEBUG:colcon.colcon_parallel_executor.executor.parallel:run_until_complete finished with '2'
[18.777s] DEBUG:colcon.colcon_core.event_reactor:joining thread
[18.804s] INFO:colcon.colcon_core.plugin_system:Skipping extension 'colcon_notification.desktop_notification.terminal_notifier': Not used on non-Darwin systems
[18.804s] INFO:colcon.colcon_core.plugin_system:Skipping extension 'colcon_notification.desktop_notification.win32': Not used on non-Windows systems
[18.804s] INFO:colcon.colcon_notification.desktop_notification:Sending desktop notification using 'notify2'
[18.838s] DEBUG:colcon.colcon_core.event_reactor:joined thread
[18.843s] INFO:colcon.colcon_core.shell:Creating prefix script '/home/elamrani/ROS2_WS1/install/local_setup.ps1'
[18.845s] INFO:colcon.colcon_core.shell:Creating prefix util module '/home/elamrani/ROS2_WS1/install/_local_setup_util_ps1.py'
[18.849s] INFO:colcon.colcon_core.shell:Creating prefix chain script '/home/elamrani/ROS2_WS1/install/setup.ps1'
[18.884s] INFO:colcon.colcon_core.shell:Creating prefix script '/home/elamrani/ROS2_WS1/install/local_setup.sh'
[18.886s] INFO:colcon.colcon_core.shell:Creating prefix util module '/home/elamrani/ROS2_WS1/install/_local_setup_util_sh.py'
[18.887s] INFO:colcon.colcon_core.shell:Creating prefix chain script '/home/elamrani/ROS2_WS1/install/setup.sh'
[18.917s] INFO:colcon.colcon_core.shell:Creating prefix script '/home/elamrani/ROS2_WS1/install/local_setup.bash'
[18.918s] INFO:colcon.colcon_core.shell:Creating prefix chain script '/home/elamrani/ROS2_WS1/install/setup.bash'
[18.945s] INFO:colcon.colcon_core.shell:Creating prefix script '/home/elamrani/ROS2_WS1/install/local_setup.zsh'
[18.947s] INFO:colcon.colcon_core.shell:Creating prefix chain script '/home/elamrani/ROS2_WS1/install/setup.zsh'
