[1.673s] Invoking command in '/home/elamrani/ROS2_WS1/build/my_py_pkg': PYTHONPATH=/home/elamrani/ROS2_WS1/build/my_py_pkg/prefix_override:/home/elamrani/ROS2_WS1/install/my_py_pkg/lib/python3.10/site-packages:${PYTHONPATH} /usr/bin/python3 setup.py develop --editable --build-directory /home/elamrani/ROS2_WS1/build/my_py_pkg/build --no-deps install_data
[2.396s] running develop
[2.397s] /usr/lib/python3/dist-packages/setuptools/command/easy_install.py:158: EasyInstallDeprecationWarning: easy_install command is deprecated. Use build and pip and other standards-based tools.
[2.397s]   warnings.warn(
[2.398s] /usr/lib/python3/dist-packages/setuptools/command/install.py:34: SetuptoolsDeprecationWarning: setup.py install is deprecated. Use build and pip and other standards-based tools.
[2.399s]   warnings.warn(
[2.535s] /usr/lib/python3/dist-packages/pkg_resources/__init__.py:116: PkgResourcesDeprecationWarning: 1.16.0-unknown is an invalid version and will not be supported in a future release
[2.535s]   warnings.warn(
[2.535s] /usr/lib/python3/dist-packages/pkg_resources/__init__.py:116: PkgResourcesDeprecationWarning: 0.1.43ubuntu1 is an invalid version and will not be supported in a future release
[2.535s]   warnings.warn(
[2.536s] /usr/lib/python3/dist-packages/pkg_resources/__init__.py:116: PkgResourcesDeprecationWarning: 1.1build1 is an invalid version and will not be supported in a future release
[2.536s]   warnings.warn(
[2.770s] running egg_info
[2.770s] writing my_py_pkg.egg-info/PKG-INFO
[2.771s] writing dependency_links to my_py_pkg.egg-info/dependency_links.txt
[2.771s] writing entry points to my_py_pkg.egg-info/entry_points.txt
[2.771s] writing requirements to my_py_pkg.egg-info/requires.txt
[2.771s] writing top-level names to my_py_pkg.egg-info/top_level.txt
[2.773s] reading manifest file 'my_py_pkg.egg-info/SOURCES.txt'
[2.775s] writing manifest file 'my_py_pkg.egg-info/SOURCES.txt'
[2.781s] running build_ext
[2.781s] Creating /home/elamrani/ROS2_WS1/install/my_py_pkg/lib/python3.10/site-packages/my-py-pkg.egg-link (link to .)
[2.782s] Installing listener script to /home/elamrani/ROS2_WS1/install/my_py_pkg/lib/my_py_pkg
[2.782s] Installing talker script to /home/elamrani/ROS2_WS1/install/my_py_pkg/lib/my_py_pkg
[2.783s] 
[2.783s] Installed /home/elamrani/ROS2_WS1/build/my_py_pkg
[2.783s] running install_data
[2.822s] Invoked command in '/home/elamrani/ROS2_WS1/build/my_py_pkg' returned '0': PYTHONPATH=/home/elamrani/ROS2_WS1/build/my_py_pkg/prefix_override:/home/elamrani/ROS2_WS1/install/my_py_pkg/lib/python3.10/site-packages:${PYTHONPATH} /usr/bin/python3 setup.py develop --editable --build-directory /home/elamrani/ROS2_WS1/build/my_py_pkg/build --no-deps install_data
