[1.616s] Invoking command in '/home/elamrani/ROS2_WS1/src/my_py_pkg': PYTHONPATH=/home/elamrani/ROS2_WS1/build/my_py_pkg/prefix_override:/home/elamrani/ROS2_WS1/install/my_py_pkg/lib/python3.10/site-packages:${PYTHONPATH} /usr/bin/python3 setup.py egg_info --egg-base ../../build/my_py_pkg build --build-base /home/elamrani/ROS2_WS1/build/my_py_pkg/build install --record /home/elamrani/ROS2_WS1/build/my_py_pkg/install.log --single-version-externally-managed
[2.293s] running egg_info
[2.293s] creating ../../build/my_py_pkg/my_py_pkg.egg-info
[2.294s] writing ../../build/my_py_pkg/my_py_pkg.egg-info/PKG-INFO
[2.294s] writing dependency_links to ../../build/my_py_pkg/my_py_pkg.egg-info/dependency_links.txt
[2.294s] writing entry points to ../../build/my_py_pkg/my_py_pkg.egg-info/entry_points.txt
[2.294s] writing requirements to ../../build/my_py_pkg/my_py_pkg.egg-info/requires.txt
[2.294s] writing top-level names to ../../build/my_py_pkg/my_py_pkg.egg-info/top_level.txt
[2.295s] writing manifest file '../../build/my_py_pkg/my_py_pkg.egg-info/SOURCES.txt'
[2.296s] reading manifest file '../../build/my_py_pkg/my_py_pkg.egg-info/SOURCES.txt'
[2.297s] writing manifest file '../../build/my_py_pkg/my_py_pkg.egg-info/SOURCES.txt'
[2.297s] running build
[2.298s] running build_py
[2.298s] creating /home/elamrani/ROS2_WS1/build/my_py_pkg/build
[2.298s] creating /home/elamrani/ROS2_WS1/build/my_py_pkg/build/lib
[2.298s] creating /home/elamrani/ROS2_WS1/build/my_py_pkg/build/lib/my_py_pkg
[2.298s] copying my_py_pkg/__init__.py -> /home/elamrani/ROS2_WS1/build/my_py_pkg/build/lib/my_py_pkg
[2.298s] copying my_py_pkg/talker.py -> /home/elamrani/ROS2_WS1/build/my_py_pkg/build/lib/my_py_pkg
[2.298s] running install
[2.299s] /usr/lib/python3/dist-packages/setuptools/command/install.py:34: SetuptoolsDeprecationWarning: setup.py install is deprecated. Use build and pip and other standards-based tools.
[2.299s]   warnings.warn(
[2.299s] running install_lib
[2.300s] creating /home/elamrani/ROS2_WS1/install/my_py_pkg/lib/python3.10/site-packages/my_py_pkg
[2.300s] copying /home/elamrani/ROS2_WS1/build/my_py_pkg/build/lib/my_py_pkg/__init__.py -> /home/elamrani/ROS2_WS1/install/my_py_pkg/lib/python3.10/site-packages/my_py_pkg
[2.300s] copying /home/elamrani/ROS2_WS1/build/my_py_pkg/build/lib/my_py_pkg/talker.py -> /home/elamrani/ROS2_WS1/install/my_py_pkg/lib/python3.10/site-packages/my_py_pkg
[2.304s] byte-compiling /home/elamrani/ROS2_WS1/install/my_py_pkg/lib/python3.10/site-packages/my_py_pkg/__init__.py to __init__.cpython-310.pyc
[2.304s] byte-compiling /home/elamrani/ROS2_WS1/install/my_py_pkg/lib/python3.10/site-packages/my_py_pkg/talker.py to talker.cpython-310.pyc
[2.305s] running install_data
[2.306s] creating /home/elamrani/ROS2_WS1/install/my_py_pkg/share/ament_index
[2.306s] creating /home/elamrani/ROS2_WS1/install/my_py_pkg/share/ament_index/resource_index
[2.306s] creating /home/elamrani/ROS2_WS1/install/my_py_pkg/share/ament_index/resource_index/packages
[2.306s] copying resource/my_py_pkg -> /home/elamrani/ROS2_WS1/install/my_py_pkg/share/ament_index/resource_index/packages
[2.306s] copying package.xml -> /home/elamrani/ROS2_WS1/install/my_py_pkg/share/my_py_pkg
[2.306s] running install_egg_info
[2.314s] Copying ../../build/my_py_pkg/my_py_pkg.egg-info to /home/elamrani/ROS2_WS1/install/my_py_pkg/lib/python3.10/site-packages/my_py_pkg-0.0.0-py3.10.egg-info
[2.315s] running install_scripts
[2.367s] Installing talker script to /home/elamrani/ROS2_WS1/install/my_py_pkg/lib/my_py_pkg
[2.367s] writing list of installed files to '/home/elamrani/ROS2_WS1/build/my_py_pkg/install.log'
[2.399s] Invoked command in '/home/elamrani/ROS2_WS1/src/my_py_pkg' returned '0': PYTHONPATH=/home/elamrani/ROS2_WS1/build/my_py_pkg/prefix_override:/home/elamrani/ROS2_WS1/install/my_py_pkg/lib/python3.10/site-packages:${PYTHONPATH} /usr/bin/python3 setup.py egg_info --egg-base ../../build/my_py_pkg build --build-base /home/elamrani/ROS2_WS1/build/my_py_pkg/build install --record /home/elamrani/ROS2_WS1/build/my_py_pkg/install.log --single-version-externally-managed
