-- The C compiler identification is GNU 11.3.0
-- The CXX compiler identification is GNU 11.3.0
-- Detecting C compiler ABI info
-- Detecting C compiler ABI info - done
-- Check for working C compiler: /usr/bin/cc - skipped
-- Detecting C compile features
-- Detecting C compile features - done
-- Detecting CXX compiler ABI info
-- Detecting CXX compiler ABI info - done
-- Check for working CXX compiler: /usr/bin/c++ - skipped
-- Detecting CXX compile features
-- Detecting CXX compile features - done
-- Found ament_cmake: 1.3.3 (/home/elamrani/ros2_humble/install/ament_cmake/share/ament_cmake/cmake)
-- Found Python3: /usr/bin/python3.10 (found version "3.10.6") found components: Interpreter 
-- Override CMake install command with custom implementation using symlinks instead of copying resources
-- Configuring done
-- Generating done
-- Build files have been written to: /home/elamrani/ROS2_WS1/build/my_robot_bringup
-- Install configuration: ""
-- Execute custom install script
-- Symlinking: /home/elamrani/ROS2_WS1/install/my_robot_bringup/share/my_robot_bringup/launch/demo.launch.py
-- Symlinking: /home/elamrani/ROS2_WS1/install/my_robot_bringup/share/ament_index/resource_index/package_run_dependencies/my_robot_bringup
-- Symlinking: /home/elamrani/ROS2_WS1/install/my_robot_bringup/share/ament_index/resource_index/parent_prefix_path/my_robot_bringup
-- Symlinking: /home/elamrani/ROS2_WS1/install/my_robot_bringup/share/my_robot_bringup/environment/ament_prefix_path.sh
-- Symlinking: /home/elamrani/ROS2_WS1/install/my_robot_bringup/share/my_robot_bringup/environment/ament_prefix_path.dsv
-- Symlinking: /home/elamrani/ROS2_WS1/install/my_robot_bringup/share/my_robot_bringup/environment/path.sh
-- Symlinking: /home/elamrani/ROS2_WS1/install/my_robot_bringup/share/my_robot_bringup/environment/path.dsv
-- Symlinking: /home/elamrani/ROS2_WS1/install/my_robot_bringup/share/my_robot_bringup/local_setup.bash
-- Symlinking: /home/elamrani/ROS2_WS1/install/my_robot_bringup/share/my_robot_bringup/local_setup.sh
-- Symlinking: /home/elamrani/ROS2_WS1/install/my_robot_bringup/share/my_robot_bringup/local_setup.zsh
-- Symlinking: /home/elamrani/ROS2_WS1/install/my_robot_bringup/share/my_robot_bringup/local_setup.dsv
-- Symlinking: /home/elamrani/ROS2_WS1/install/my_robot_bringup/share/my_robot_bringup/package.dsv
-- Symlinking: /home/elamrani/ROS2_WS1/install/my_robot_bringup/share/ament_index/resource_index/packages/my_robot_bringup
-- Symlinking: /home/elamrani/ROS2_WS1/install/my_robot_bringup/share/my_robot_bringup/cmake/my_robot_bringupConfig.cmake
-- Symlinking: /home/elamrani/ROS2_WS1/install/my_robot_bringup/share/my_robot_bringup/cmake/my_robot_bringupConfig-version.cmake
-- Symlinking: /home/elamrani/ROS2_WS1/install/my_robot_bringup/share/my_robot_bringup/package.xml
