/home/elamrani/ROS2_WS1/install/my_py_pkg/lib/python3.10/site-packages/my_py_pkg/__init__.py
/home/elamrani/ROS2_WS1/install/my_py_pkg/lib/python3.10/site-packages/my_py_pkg/listener.py
/home/elamrani/ROS2_WS1/install/my_py_pkg/lib/python3.10/site-packages/my_py_pkg/providing_service.py
/home/elamrani/ROS2_WS1/install/my_py_pkg/lib/python3.10/site-packages/my_py_pkg/talker.py
/home/elamrani/ROS2_WS1/install/my_py_pkg/lib/python3.10/site-packages/my_py_pkg/__pycache__/__init__.cpython-310.pyc
/home/elamrani/ROS2_WS1/install/my_py_pkg/lib/python3.10/site-packages/my_py_pkg/__pycache__/listener.cpython-310.pyc
/home/elamrani/ROS2_WS1/install/my_py_pkg/lib/python3.10/site-packages/my_py_pkg/__pycache__/providing_service.cpython-310.pyc
/home/elamrani/ROS2_WS1/install/my_py_pkg/lib/python3.10/site-packages/my_py_pkg/__pycache__/talker.cpython-310.pyc
/home/elamrani/ROS2_WS1/install/my_py_pkg/share/ament_index/resource_index/packages/my_py_pkg
/home/elamrani/ROS2_WS1/install/my_py_pkg/share/my_py_pkg/package.xml
/home/elamrani/ROS2_WS1/install/my_py_pkg/lib/python3.10/site-packages/my_py_pkg-0.0.0-py3.10.egg-info/PKG-INFO
/home/elamrani/ROS2_WS1/install/my_py_pkg/lib/python3.10/site-packages/my_py_pkg-0.0.0-py3.10.egg-info/top_level.txt
/home/elamrani/ROS2_WS1/install/my_py_pkg/lib/python3.10/site-packages/my_py_pkg-0.0.0-py3.10.egg-info/requires.txt
/home/elamrani/ROS2_WS1/install/my_py_pkg/lib/python3.10/site-packages/my_py_pkg-0.0.0-py3.10.egg-info/zip-safe
/home/elamrani/ROS2_WS1/install/my_py_pkg/lib/python3.10/site-packages/my_py_pkg-0.0.0-py3.10.egg-info/entry_points.txt
/home/elamrani/ROS2_WS1/install/my_py_pkg/lib/python3.10/site-packages/my_py_pkg-0.0.0-py3.10.egg-info/dependency_links.txt
/home/elamrani/ROS2_WS1/install/my_py_pkg/lib/python3.10/site-packages/my_py_pkg-0.0.0-py3.10.egg-info/SOURCES.txt
/home/elamrani/ROS2_WS1/install/my_py_pkg/lib/my_py_pkg/listener
/home/elamrani/ROS2_WS1/install/my_py_pkg/lib/my_py_pkg/providing_service
/home/elamrani/ROS2_WS1/install/my_py_pkg/lib/my_py_pkg/talker
