[0.628s] DEBUG:colcon:Command line arguments: ['/usr/bin/colcon', 'build', '--symlink-install']
[0.628s] DEBUG:colcon:Parsed command line arguments: Namespace(log_base=None, log_level=None, verb_name='build', build_base='build', install_base='install', merge_install=False, symlink_install=True, test_result_base=None, continue_on_error=False, executor='parallel', parallel_workers=4, event_handlers=None, ignore_user_meta=False, metas=['./colcon.meta'], base_paths=['.'], packages_ignore=None, packages_ignore_regex=None, paths=None, packages_up_to=None, packages_up_to_regex=None, packages_above=None, packages_above_and_dependencies=None, packages_above_depth=None, packages_select_by_dep=None, packages_skip_by_dep=None, packages_skip_up_to=None, packages_select_build_failed=False, packages_skip_build_finished=False, packages_select_test_failures=False, packages_skip_test_passed=False, packages_select=None, packages_skip=None, packages_select_regex=None, packages_skip_regex=None, packages_start=None, packages_end=None, allow_overriding=[], cmake_args=None, cmake_target=None, cmake_target_skip_unavailable=False, cmake_clean_cache=False, cmake_clean_first=False, cmake_force_configure=False, ament_cmake_args=None, catkin_cmake_args=None, catkin_skip_building_tests=False, verb_parser=<colcon_defaults.argument_parser.defaults.DefaultArgumentsDecorator object at 0x7f41e8a675e0>, verb_extension=<colcon_core.verb.build.BuildVerb object at 0x7f41e91ee650>, main=<bound method BuildVerb.main of <colcon_core.verb.build.BuildVerb object at 0x7f41e91ee650>>)
[0.693s] Level 1:colcon.colcon_core.package_discovery:discover_packages(colcon_meta) check parameters
[0.693s] Level 1:colcon.colcon_core.package_discovery:discover_packages(recursive) check parameters
[0.693s] Level 1:colcon.colcon_core.package_discovery:discover_packages(ignore) check parameters
[0.693s] Level 1:colcon.colcon_core.package_discovery:discover_packages(path) check parameters
[0.693s] Level 1:colcon.colcon_core.package_discovery:discover_packages(colcon_meta) discover
[0.693s] Level 1:colcon.colcon_core.package_discovery:discover_packages(recursive) discover
[0.693s] INFO:colcon.colcon_core.package_discovery:Crawling recursively for packages in '/home/elamrani/ROS2_WS1'
[0.693s] Level 1:colcon.colcon_core.package_identification:_identify(.) by extensions ['ignore', 'ignore_ament_install']
[0.693s] Level 1:colcon.colcon_core.package_identification:_identify(.) by extension 'ignore'
[0.694s] Level 1:colcon.colcon_core.package_identification:_identify(.) by extension 'ignore_ament_install'
[0.694s] Level 1:colcon.colcon_core.package_identification:_identify(.) by extensions ['colcon_pkg']
[0.694s] Level 1:colcon.colcon_core.package_identification:_identify(.) by extension 'colcon_pkg'
[0.694s] Level 1:colcon.colcon_core.package_identification:_identify(.) by extensions ['colcon_meta']
[0.694s] Level 1:colcon.colcon_core.package_identification:_identify(.) by extension 'colcon_meta'
[0.694s] Level 1:colcon.colcon_core.package_identification:_identify(.) by extensions ['ros']
[0.694s] Level 1:colcon.colcon_core.package_identification:_identify(.) by extension 'ros'
[0.710s] Level 1:colcon.colcon_core.package_identification:_identify(.) by extensions ['cmake', 'python']
[0.711s] Level 1:colcon.colcon_core.package_identification:_identify(.) by extension 'cmake'
[0.711s] Level 1:colcon.colcon_core.package_identification:_identify(.) by extension 'python'
[0.711s] Level 1:colcon.colcon_core.package_identification:_identify(.) by extensions ['python_setup_py']
[0.711s] Level 1:colcon.colcon_core.package_identification:_identify(.) by extension 'python_setup_py'
[0.711s] Level 1:colcon.colcon_core.package_identification:_identify(build) by extensions ['ignore', 'ignore_ament_install']
[0.711s] Level 1:colcon.colcon_core.package_identification:_identify(build) by extension 'ignore'
[0.711s] Level 1:colcon.colcon_core.package_identification:_identify(build) ignored
[0.711s] Level 1:colcon.colcon_core.package_identification:_identify(install) by extensions ['ignore', 'ignore_ament_install']
[0.711s] Level 1:colcon.colcon_core.package_identification:_identify(install) by extension 'ignore'
[0.711s] Level 1:colcon.colcon_core.package_identification:_identify(install) ignored
[0.712s] Level 1:colcon.colcon_core.package_identification:_identify(log) by extensions ['ignore', 'ignore_ament_install']
[0.712s] Level 1:colcon.colcon_core.package_identification:_identify(log) by extension 'ignore'
[0.712s] Level 1:colcon.colcon_core.package_identification:_identify(log) ignored
[0.712s] Level 1:colcon.colcon_core.package_identification:_identify(src) by extensions ['ignore', 'ignore_ament_install']
[0.712s] Level 1:colcon.colcon_core.package_identification:_identify(src) by extension 'ignore'
[0.712s] Level 1:colcon.colcon_core.package_identification:_identify(src) by extension 'ignore_ament_install'
[0.712s] Level 1:colcon.colcon_core.package_identification:_identify(src) by extensions ['colcon_pkg']
[0.712s] Level 1:colcon.colcon_core.package_identification:_identify(src) by extension 'colcon_pkg'
[0.712s] Level 1:colcon.colcon_core.package_identification:_identify(src) by extensions ['colcon_meta']
[0.712s] Level 1:colcon.colcon_core.package_identification:_identify(src) by extension 'colcon_meta'
[0.712s] Level 1:colcon.colcon_core.package_identification:_identify(src) by extensions ['ros']
[0.712s] Level 1:colcon.colcon_core.package_identification:_identify(src) by extension 'ros'
[0.712s] Level 1:colcon.colcon_core.package_identification:_identify(src) by extensions ['cmake', 'python']
[0.712s] Level 1:colcon.colcon_core.package_identification:_identify(src) by extension 'cmake'
[0.712s] Level 1:colcon.colcon_core.package_identification:_identify(src) by extension 'python'
[0.712s] Level 1:colcon.colcon_core.package_identification:_identify(src) by extensions ['python_setup_py']
[0.713s] Level 1:colcon.colcon_core.package_identification:_identify(src) by extension 'python_setup_py'
[0.713s] Level 1:colcon.colcon_core.package_identification:_identify(src/my_launch_files) by extensions ['ignore', 'ignore_ament_install']
[0.713s] Level 1:colcon.colcon_core.package_identification:_identify(src/my_launch_files) by extension 'ignore'
[0.713s] Level 1:colcon.colcon_core.package_identification:_identify(src/my_launch_files) by extension 'ignore_ament_install'
[0.713s] Level 1:colcon.colcon_core.package_identification:_identify(src/my_launch_files) by extensions ['colcon_pkg']
[0.713s] Level 1:colcon.colcon_core.package_identification:_identify(src/my_launch_files) by extension 'colcon_pkg'
[0.713s] Level 1:colcon.colcon_core.package_identification:_identify(src/my_launch_files) by extensions ['colcon_meta']
[0.713s] Level 1:colcon.colcon_core.package_identification:_identify(src/my_launch_files) by extension 'colcon_meta'
[0.713s] Level 1:colcon.colcon_core.package_identification:_identify(src/my_launch_files) by extensions ['ros']
[0.713s] Level 1:colcon.colcon_core.package_identification:_identify(src/my_launch_files) by extension 'ros'
[0.716s] DEBUG:colcon.colcon_core.package_identification:Package 'src/my_launch_files' with type 'ros.ament_cmake' and name 'my_launch_files'
[0.716s] Level 1:colcon.colcon_core.package_identification:_identify(src/my_py_pkg) by extensions ['ignore', 'ignore_ament_install']
[0.716s] Level 1:colcon.colcon_core.package_identification:_identify(src/my_py_pkg) by extension 'ignore'
[0.716s] Level 1:colcon.colcon_core.package_identification:_identify(src/my_py_pkg) by extension 'ignore_ament_install'
[0.716s] Level 1:colcon.colcon_core.package_identification:_identify(src/my_py_pkg) by extensions ['colcon_pkg']
[0.716s] Level 1:colcon.colcon_core.package_identification:_identify(src/my_py_pkg) by extension 'colcon_pkg'
[0.716s] Level 1:colcon.colcon_core.package_identification:_identify(src/my_py_pkg) by extensions ['colcon_meta']
[0.716s] Level 1:colcon.colcon_core.package_identification:_identify(src/my_py_pkg) by extension 'colcon_meta'
[0.716s] Level 1:colcon.colcon_core.package_identification:_identify(src/my_py_pkg) by extensions ['ros']
[0.717s] Level 1:colcon.colcon_core.package_identification:_identify(src/my_py_pkg) by extension 'ros'
[0.717s] DEBUG:colcon.colcon_core.package_identification:Package 'src/my_py_pkg' with type 'ros.ament_python' and name 'my_py_pkg'
[0.717s] Level 1:colcon.colcon_core.package_discovery:discover_packages(recursive) using defaults
[0.717s] Level 1:colcon.colcon_core.package_discovery:discover_packages(ignore) discover
[0.717s] Level 1:colcon.colcon_core.package_discovery:discover_packages(ignore) using defaults
[0.718s] Level 1:colcon.colcon_core.package_discovery:discover_packages(path) discover
[0.718s] Level 1:colcon.colcon_core.package_discovery:discover_packages(path) using defaults
[0.787s] Level 1:colcon.colcon_core.package_discovery:discover_packages(prefix_path) check parameters
[0.787s] Level 1:colcon.colcon_core.package_discovery:discover_packages(prefix_path) discover
[0.818s] DEBUG:colcon.colcon_installed_package_information.package_discovery:Found 340 installed packages in /home/elamrani/ros2_humble/install
[0.822s] DEBUG:colcon.colcon_installed_package_information.package_discovery:Found 2 installed packages in /home/elamrani/ROS2_WS1/install
[0.823s] DEBUG:colcon.colcon_installed_package_information.package_discovery:Found 1 installed packages in /home/elamrani/ROS2_WS/install
[0.826s] DEBUG:colcon.colcon_installed_package_information.package_discovery:Found 148 installed packages in /opt/ros/humble
[0.834s] Level 1:colcon.colcon_core.package_discovery:discover_packages(prefix_path) using defaults
[0.903s] Level 5:colcon.colcon_core.verb:set package 'my_launch_files' build argument 'cmake_args' from command line to 'None'
[0.903s] Level 5:colcon.colcon_core.verb:set package 'my_launch_files' build argument 'cmake_target' from command line to 'None'
[0.903s] Level 5:colcon.colcon_core.verb:set package 'my_launch_files' build argument 'cmake_target_skip_unavailable' from command line to 'False'
[0.903s] Level 5:colcon.colcon_core.verb:set package 'my_launch_files' build argument 'cmake_clean_cache' from command line to 'False'
[0.903s] Level 5:colcon.colcon_core.verb:set package 'my_launch_files' build argument 'cmake_clean_first' from command line to 'False'
[0.903s] Level 5:colcon.colcon_core.verb:set package 'my_launch_files' build argument 'cmake_force_configure' from command line to 'False'
[0.903s] Level 5:colcon.colcon_core.verb:set package 'my_launch_files' build argument 'ament_cmake_args' from command line to 'None'
[0.903s] Level 5:colcon.colcon_core.verb:set package 'my_launch_files' build argument 'catkin_cmake_args' from command line to 'None'
[0.903s] Level 5:colcon.colcon_core.verb:set package 'my_launch_files' build argument 'catkin_skip_building_tests' from command line to 'False'
[0.903s] DEBUG:colcon.colcon_core.verb:Building package 'my_launch_files' with the following arguments: {'ament_cmake_args': None, 'build_base': '/home/elamrani/ROS2_WS1/build/my_launch_files', 'catkin_cmake_args': None, 'catkin_skip_building_tests': False, 'cmake_args': None, 'cmake_clean_cache': False, 'cmake_clean_first': False, 'cmake_force_configure': False, 'cmake_target': None, 'cmake_target_skip_unavailable': False, 'install_base': '/home/elamrani/ROS2_WS1/install/my_launch_files', 'merge_install': False, 'path': '/home/elamrani/ROS2_WS1/src/my_launch_files', 'symlink_install': True, 'test_result_base': None}
[0.905s] Level 5:colcon.colcon_core.verb:set package 'my_py_pkg' build argument 'cmake_args' from command line to 'None'
[0.906s] Level 5:colcon.colcon_core.verb:set package 'my_py_pkg' build argument 'cmake_target' from command line to 'None'
[0.906s] Level 5:colcon.colcon_core.verb:set package 'my_py_pkg' build argument 'cmake_target_skip_unavailable' from command line to 'False'
[0.906s] Level 5:colcon.colcon_core.verb:set package 'my_py_pkg' build argument 'cmake_clean_cache' from command line to 'False'
[0.906s] Level 5:colcon.colcon_core.verb:set package 'my_py_pkg' build argument 'cmake_clean_first' from command line to 'False'
[0.906s] Level 5:colcon.colcon_core.verb:set package 'my_py_pkg' build argument 'cmake_force_configure' from command line to 'False'
[0.906s] Level 5:colcon.colcon_core.verb:set package 'my_py_pkg' build argument 'ament_cmake_args' from command line to 'None'
[0.906s] Level 5:colcon.colcon_core.verb:set package 'my_py_pkg' build argument 'catkin_cmake_args' from command line to 'None'
[0.906s] Level 5:colcon.colcon_core.verb:set package 'my_py_pkg' build argument 'catkin_skip_building_tests' from command line to 'False'
[0.906s] DEBUG:colcon.colcon_core.verb:Building package 'my_py_pkg' with the following arguments: {'ament_cmake_args': None, 'build_base': '/home/elamrani/ROS2_WS1/build/my_py_pkg', 'catkin_cmake_args': None, 'catkin_skip_building_tests': False, 'cmake_args': None, 'cmake_clean_cache': False, 'cmake_clean_first': False, 'cmake_force_configure': False, 'cmake_target': None, 'cmake_target_skip_unavailable': False, 'install_base': '/home/elamrani/ROS2_WS1/install/my_py_pkg', 'merge_install': False, 'path': '/home/elamrani/ROS2_WS1/src/my_py_pkg', 'symlink_install': True, 'test_result_base': None}
[0.907s] INFO:colcon.colcon_core.executor:Executing jobs using 'parallel' executor
[0.915s] DEBUG:colcon.colcon_parallel_executor.executor.parallel:run_until_complete
[0.915s] INFO:colcon.colcon_ros.task.ament_cmake.build:Building ROS package in '/home/elamrani/ROS2_WS1/src/my_launch_files' with build type 'ament_cmake'
[0.916s] INFO:colcon.colcon_cmake.task.cmake.build:Building CMake package in '/home/elamrani/ROS2_WS1/src/my_launch_files'
[0.928s] INFO:colcon.colcon_core.plugin_system:Skipping extension 'colcon_core.shell.bat': Not used on non-Windows systems
[0.928s] INFO:colcon.colcon_core.shell:Skip shell extension 'powershell' for command environment: Not usable outside of PowerShell
[0.928s] DEBUG:colcon.colcon_core.shell:Skip shell extension 'dsv' for command environment
[0.968s] INFO:colcon.colcon_ros.task.ament_python.build:Building ROS package in '/home/elamrani/ROS2_WS1/src/my_py_pkg' with build type 'ament_python'
[0.968s] Level 1:colcon.colcon_core.shell:create_environment_hook('my_py_pkg', 'ament_prefix_path')
[0.971s] INFO:colcon.colcon_core.shell:Creating environment hook '/home/elamrani/ROS2_WS1/install/my_py_pkg/share/my_py_pkg/hook/ament_prefix_path.ps1'
[0.972s] INFO:colcon.colcon_core.shell:Creating environment descriptor '/home/elamrani/ROS2_WS1/install/my_py_pkg/share/my_py_pkg/hook/ament_prefix_path.dsv'
[0.972s] INFO:colcon.colcon_core.shell:Creating environment hook '/home/elamrani/ROS2_WS1/install/my_py_pkg/share/my_py_pkg/hook/ament_prefix_path.sh'
[0.977s] INFO:colcon.colcon_core.shell:Skip shell extension 'powershell' for command environment: Not usable outside of PowerShell
[0.977s] DEBUG:colcon.colcon_core.shell:Skip shell extension 'dsv' for command environment
[1.022s] DEBUG:colcon.colcon_core.event_handler.log_command:Invoking command in '/home/elamrani/ROS2_WS1/build/my_launch_files': CMAKE_PREFIX_PATH=${CMAKE_PREFIX_PATH}:/home/elamrani/ROS2_WS1/install/my_py_pkg:/home/elamrani/ros2_humble/install/rqt_bag_plugins:/home/elamrani/ros2_humble/install/rqt_bag:/home/elamrani/ros2_humble/install/ros2bag:/home/elamrani/ros2_humble/install/tracetools_test:/home/elamrani/ros2_humble/install/tracetools_launch:/home/elamrani/ros2_humble/install/topic_monitor:/home/elamrani/ros2_humble/install/tf2_tools:/home/elamrani/ros2_humble/install/examples_tf2_py:/home/elamrani/ros2_humble/install/tf2_ros_py:/home/elamrani/ros2_humble/install/sros2:/home/elamrani/ros2_humble/install/rqt_topic:/home/elamrani/ros2_humble/install/rqt_srv:/home/elamrani/ros2_humble/install/rqt_shell:/home/elamrani/ros2_humble/install/rqt_service_caller:/home/elamrani/ros2_humble/install/rqt_reconfigure:/home/elamrani/ros2_humble/install/rqt_py_console:/home/elamrani/ros2_humble/install/rqt_publisher:/home/elamrani/ros2_humble/install/rqt_plot:/home/elamrani/ros2_humble/install/rqt_action:/home/elamrani/ros2_humble/install/rqt_msg:/home/elamrani/ros2_humble/install/rqt_console:/home/elamrani/ros2_humble/install/rqt:/home/elamrani/ros2_humble/install/rqt_graph:/home/elamrani/ros2_humble/install/rqt_gui_py:/home/elamrani/ros2_humble/install/rqt_gui:/home/elamrani/ros2_humble/install/ros2trace:/home/elamrani/ros2_humble/install/ros2topic:/home/elamrani/ros2_humble/install/ros2test:/home/elamrani/ros2_humble/install/ros2component:/home/elamrani/ros2_humble/install/ros2param:/home/elamrani/ros2_humble/install/ros2lifecycle:/home/elamrani/ros2_humble/install/ros2service:/home/elamrani/ros2_humble/install/ros2run:/home/elamrani/ros2_humble/install/ros2launch:/home/elamrani/ros2_humble/install/ros2pkg:/home/elamrani/ros2_humble/install/ros2node:/home/elamrani/ros2_humble/install/ros2multicast:/home/elamrani/ros2_humble/install/ros2interface:/home/elamrani/ros2_humble/install/ros2doctor:/home/elamrani/ros2_humble/install/ros2action:/home/elamrani/ros2_humble/install/ros2cli:/home/elamrani/ros2_humble/install/quality_of_service_demo_py:/home/elamrani/ros2_humble/install/lifecycle_py:/home/elamrani/ros2_humble/install/launch_testing_ros:/home/elamrani/ros2_humble/install/launch_ros:/home/elamrani/ros2_humble/install/examples_rclpy_pointcloud_publisher:/home/elamrani/ros2_humble/install/examples_rclpy_minimal_subscriber:/home/elamrani/ros2_humble/install/examples_rclpy_minimal_service:/home/elamrani/ros2_humble/install/examples_rclpy_minimal_publisher:/home/elamrani/ros2_humble/install/examples_rclpy_minimal_client:/home/elamrani/ros2_humble/install/examples_rclpy_minimal_action_server:/home/elamrani/ros2_humble/install/examples_rclpy_minimal_action_client:/home/elamrani/ros2_humble/install/examples_rclpy_guard_conditions:/home/elamrani/ros2_humble/install/examples_rclpy_executors:/home/elamrani/ros2_humble/install/demo_nodes_py:/home/elamrani/ros2_humble/install/action_tutorials_py:/home/elamrani/ros2_humble/install/ament_uncrustify:/home/elamrani/ros2_humble/install/tracetools_trace:/home/elamrani/ros2_humble/install/tracetools_read:/home/elamrani/ros2_humble/install/test_tracetools_launch:/home/elamrani/ros2_humble/install/test_launch_ros:/home/elamrani/ros2_humble/install/sensor_msgs_py:/home/elamrani/ros2_humble/install/rpyutils:/home/elamrani/ros2_humble/install/rosidl_runtime_py:/home/elamrani/ros2_humble/install/rosidl_cli:/home/elamrani/ros2_humble/install/launch_pytest:/home/elamrani/ros2_humble/install/launch_testing:/home/elamrani/ros2_humble/install/launch_yaml:/home/elamrani/ros2_humble/install/launch_xml:/home/elamrani/ros2_humble/install/launch:/home/elamrani/ros2_humble/install/osrf_pycommon:/home/elamrani/ros2_humble/install/launch_testing_examples:/home/elamrani/ros2_humble/install/domain_coordinator:/home/elamrani/ros2_humble/install/ament_xmllint:/home/elamrani/ros2_humble/install/ament_pyflakes:/home/elamrani/ros2_humble/install/ament_pycodestyle:/home/elamrani/ros2_humble/install/ament_pep257:/home/elamrani/ros2_humble/install/ament_pclint:/home/elamrani/ros2_humble/install/ament_package:/home/elamrani/ros2_humble/install/ament_mypy:/home/elamrani/ros2_humble/install/ament_lint_cmake:/home/elamrani/ros2_humble/install/ament_flake8:/home/elamrani/ros2_humble/install/ament_copyright:/home/elamrani/ros2_humble/install/ament_lint:/home/elamrani/ros2_humble/install/ament_index_python:/home/elamrani/ros2_humble/install/ament_cpplint:/home/elamrani/ros2_humble/install/ament_cppcheck:/home/elamrani/ros2_humble/install/ament_clang_tidy:/home/elamrani/ros2_humble/install/ament_clang_format:/opt/ros/humble /usr/bin/cmake /home/elamrani/ROS2_WS1/src/my_launch_files -DAMENT_CMAKE_SYMLINK_INSTALL=1 -DCMAKE_INSTALL_PREFIX=/home/elamrani/ROS2_WS1/install/my_launch_files
[1.738s] INFO:colcon.colcon_core.task.python.build:Building Python package in '/home/elamrani/ROS2_WS1/src/my_py_pkg'
[1.741s] INFO:colcon.colcon_core.shell:Skip shell extension 'powershell' for command environment: Not usable outside of PowerShell
[1.741s] DEBUG:colcon.colcon_core.shell:Skip shell extension 'dsv' for command environment
[1.848s] DEBUG:colcon.colcon_core.event_handler.log_command:Invoked command in '/home/elamrani/ROS2_WS1/build/my_launch_files' returned '1': CMAKE_PREFIX_PATH=${CMAKE_PREFIX_PATH}:/home/elamrani/ROS2_WS1/install/my_py_pkg:/home/elamrani/ros2_humble/install/rqt_bag_plugins:/home/elamrani/ros2_humble/install/rqt_bag:/home/elamrani/ros2_humble/install/ros2bag:/home/elamrani/ros2_humble/install/tracetools_test:/home/elamrani/ros2_humble/install/tracetools_launch:/home/elamrani/ros2_humble/install/topic_monitor:/home/elamrani/ros2_humble/install/tf2_tools:/home/elamrani/ros2_humble/install/examples_tf2_py:/home/elamrani/ros2_humble/install/tf2_ros_py:/home/elamrani/ros2_humble/install/sros2:/home/elamrani/ros2_humble/install/rqt_topic:/home/elamrani/ros2_humble/install/rqt_srv:/home/elamrani/ros2_humble/install/rqt_shell:/home/elamrani/ros2_humble/install/rqt_service_caller:/home/elamrani/ros2_humble/install/rqt_reconfigure:/home/elamrani/ros2_humble/install/rqt_py_console:/home/elamrani/ros2_humble/install/rqt_publisher:/home/elamrani/ros2_humble/install/rqt_plot:/home/elamrani/ros2_humble/install/rqt_action:/home/elamrani/ros2_humble/install/rqt_msg:/home/elamrani/ros2_humble/install/rqt_console:/home/elamrani/ros2_humble/install/rqt:/home/elamrani/ros2_humble/install/rqt_graph:/home/elamrani/ros2_humble/install/rqt_gui_py:/home/elamrani/ros2_humble/install/rqt_gui:/home/elamrani/ros2_humble/install/ros2trace:/home/elamrani/ros2_humble/install/ros2topic:/home/elamrani/ros2_humble/install/ros2test:/home/elamrani/ros2_humble/install/ros2component:/home/elamrani/ros2_humble/install/ros2param:/home/elamrani/ros2_humble/install/ros2lifecycle:/home/elamrani/ros2_humble/install/ros2service:/home/elamrani/ros2_humble/install/ros2run:/home/elamrani/ros2_humble/install/ros2launch:/home/elamrani/ros2_humble/install/ros2pkg:/home/elamrani/ros2_humble/install/ros2node:/home/elamrani/ros2_humble/install/ros2multicast:/home/elamrani/ros2_humble/install/ros2interface:/home/elamrani/ros2_humble/install/ros2doctor:/home/elamrani/ros2_humble/install/ros2action:/home/elamrani/ros2_humble/install/ros2cli:/home/elamrani/ros2_humble/install/quality_of_service_demo_py:/home/elamrani/ros2_humble/install/lifecycle_py:/home/elamrani/ros2_humble/install/launch_testing_ros:/home/elamrani/ros2_humble/install/launch_ros:/home/elamrani/ros2_humble/install/examples_rclpy_pointcloud_publisher:/home/elamrani/ros2_humble/install/examples_rclpy_minimal_subscriber:/home/elamrani/ros2_humble/install/examples_rclpy_minimal_service:/home/elamrani/ros2_humble/install/examples_rclpy_minimal_publisher:/home/elamrani/ros2_humble/install/examples_rclpy_minimal_client:/home/elamrani/ros2_humble/install/examples_rclpy_minimal_action_server:/home/elamrani/ros2_humble/install/examples_rclpy_minimal_action_client:/home/elamrani/ros2_humble/install/examples_rclpy_guard_conditions:/home/elamrani/ros2_humble/install/examples_rclpy_executors:/home/elamrani/ros2_humble/install/demo_nodes_py:/home/elamrani/ros2_humble/install/action_tutorials_py:/home/elamrani/ros2_humble/install/ament_uncrustify:/home/elamrani/ros2_humble/install/tracetools_trace:/home/elamrani/ros2_humble/install/tracetools_read:/home/elamrani/ros2_humble/install/test_tracetools_launch:/home/elamrani/ros2_humble/install/test_launch_ros:/home/elamrani/ros2_humble/install/sensor_msgs_py:/home/elamrani/ros2_humble/install/rpyutils:/home/elamrani/ros2_humble/install/rosidl_runtime_py:/home/elamrani/ros2_humble/install/rosidl_cli:/home/elamrani/ros2_humble/install/launch_pytest:/home/elamrani/ros2_humble/install/launch_testing:/home/elamrani/ros2_humble/install/launch_yaml:/home/elamrani/ros2_humble/install/launch_xml:/home/elamrani/ros2_humble/install/launch:/home/elamrani/ros2_humble/install/osrf_pycommon:/home/elamrani/ros2_humble/install/launch_testing_examples:/home/elamrani/ros2_humble/install/domain_coordinator:/home/elamrani/ros2_humble/install/ament_xmllint:/home/elamrani/ros2_humble/install/ament_pyflakes:/home/elamrani/ros2_humble/install/ament_pycodestyle:/home/elamrani/ros2_humble/install/ament_pep257:/home/elamrani/ros2_humble/install/ament_pclint:/home/elamrani/ros2_humble/install/ament_package:/home/elamrani/ros2_humble/install/ament_mypy:/home/elamrani/ros2_humble/install/ament_lint_cmake:/home/elamrani/ros2_humble/install/ament_flake8:/home/elamrani/ros2_humble/install/ament_copyright:/home/elamrani/ros2_humble/install/ament_lint:/home/elamrani/ros2_humble/install/ament_index_python:/home/elamrani/ros2_humble/install/ament_cpplint:/home/elamrani/ros2_humble/install/ament_cppcheck:/home/elamrani/ros2_humble/install/ament_clang_tidy:/home/elamrani/ros2_humble/install/ament_clang_format:/opt/ros/humble /usr/bin/cmake /home/elamrani/ROS2_WS1/src/my_launch_files -DAMENT_CMAKE_SYMLINK_INSTALL=1 -DCMAKE_INSTALL_PREFIX=/home/elamrani/ROS2_WS1/install/my_launch_files
[1.885s] Level 1:colcon.colcon_core.environment:create_environment_scripts_only(my_launch_files)
[1.907s] Level 1:colcon.colcon_core.environment:checking '/home/elamrani/ROS2_WS1/install/my_launch_files' for CMake module files
[1.908s] Level 1:colcon.colcon_core.environment:checking '/home/elamrani/ROS2_WS1/install/my_launch_files' for CMake config files
[1.908s] Level 1:colcon.colcon_core.shell:create_environment_hook('my_launch_files', 'cmake_prefix_path')
[1.914s] INFO:colcon.colcon_core.shell:Creating environment hook '/home/elamrani/ROS2_WS1/install/my_launch_files/share/my_launch_files/hook/cmake_prefix_path.ps1'
[1.915s] INFO:colcon.colcon_core.shell:Creating environment descriptor '/home/elamrani/ROS2_WS1/install/my_launch_files/share/my_launch_files/hook/cmake_prefix_path.dsv'
[1.915s] INFO:colcon.colcon_core.shell:Creating environment hook '/home/elamrani/ROS2_WS1/install/my_launch_files/share/my_launch_files/hook/cmake_prefix_path.sh'
[1.916s] Level 1:colcon.colcon_core.environment:checking '/home/elamrani/ROS2_WS1/install/my_launch_files/bin'
[1.916s] Level 1:colcon.colcon_core.environment:checking '/home/elamrani/ROS2_WS1/install/my_launch_files/lib/pkgconfig/my_launch_files.pc'
[1.917s] Level 1:colcon.colcon_core.environment:checking '/home/elamrani/ROS2_WS1/install/my_launch_files/lib/python3.10/site-packages'
[1.917s] Level 1:colcon.colcon_core.environment:checking '/home/elamrani/ROS2_WS1/install/my_launch_files/bin'
[1.922s] INFO:colcon.colcon_core.shell:Creating package script '/home/elamrani/ROS2_WS1/install/my_launch_files/share/my_launch_files/package.ps1'
[1.924s] INFO:colcon.colcon_core.shell:Creating package descriptor '/home/elamrani/ROS2_WS1/install/my_launch_files/share/my_launch_files/package.dsv'
[1.925s] INFO:colcon.colcon_core.shell:Creating package script '/home/elamrani/ROS2_WS1/install/my_launch_files/share/my_launch_files/package.sh'
[1.927s] INFO:colcon.colcon_core.shell:Creating package script '/home/elamrani/ROS2_WS1/install/my_launch_files/share/my_launch_files/package.bash'
[1.943s] INFO:colcon.colcon_core.shell:Creating package script '/home/elamrani/ROS2_WS1/install/my_launch_files/share/my_launch_files/package.zsh'
[1.945s] Level 1:colcon.colcon_core.environment:create_file_with_runtime_dependencies(/home/elamrani/ROS2_WS1/install/my_launch_files/share/colcon-core/packages/my_launch_files)
[2.754s] DEBUG:colcon.colcon_parallel_executor.executor.parallel:closing loop
[2.754s] DEBUG:colcon.colcon_parallel_executor.executor.parallel:loop closed
[2.754s] DEBUG:colcon.colcon_parallel_executor.executor.parallel:run_until_complete finished with '1'
[2.755s] DEBUG:colcon.colcon_core.event_reactor:joining thread
[2.775s] INFO:colcon.colcon_core.plugin_system:Skipping extension 'colcon_notification.desktop_notification.terminal_notifier': Not used on non-Darwin systems
[2.775s] INFO:colcon.colcon_core.plugin_system:Skipping extension 'colcon_notification.desktop_notification.win32': Not used on non-Windows systems
[2.775s] INFO:colcon.colcon_notification.desktop_notification:Sending desktop notification using 'notify2'
[2.791s] DEBUG:colcon.colcon_core.event_reactor:joined thread
[2.794s] INFO:colcon.colcon_core.shell:Creating prefix script '/home/elamrani/ROS2_WS1/install/local_setup.ps1'
[2.795s] INFO:colcon.colcon_core.shell:Creating prefix util module '/home/elamrani/ROS2_WS1/install/_local_setup_util_ps1.py'
[2.796s] INFO:colcon.colcon_core.shell:Creating prefix chain script '/home/elamrani/ROS2_WS1/install/setup.ps1'
[2.819s] INFO:colcon.colcon_core.shell:Creating prefix script '/home/elamrani/ROS2_WS1/install/local_setup.sh'
[2.820s] INFO:colcon.colcon_core.shell:Creating prefix util module '/home/elamrani/ROS2_WS1/install/_local_setup_util_sh.py'
[2.820s] INFO:colcon.colcon_core.shell:Creating prefix chain script '/home/elamrani/ROS2_WS1/install/setup.sh'
[2.843s] INFO:colcon.colcon_core.shell:Creating prefix script '/home/elamrani/ROS2_WS1/install/local_setup.bash'
[2.844s] INFO:colcon.colcon_core.shell:Creating prefix chain script '/home/elamrani/ROS2_WS1/install/setup.bash'
[2.866s] INFO:colcon.colcon_core.shell:Creating prefix script '/home/elamrani/ROS2_WS1/install/local_setup.zsh'
[2.866s] INFO:colcon.colcon_core.shell:Creating prefix chain script '/home/elamrani/ROS2_WS1/install/setup.zsh'
