[1.656s] Invoking command in '/home/elamrani/ROS2_WS1/build/my_py_pkg': PYTHONPATH=/home/elamrani/ROS2_WS1/build/my_py_pkg/prefix_override:/home/elamrani/ROS2_WS1/install/my_py_pkg/lib/python3.10/site-packages:${PYTHONPATH} /usr/bin/python3 setup.py develop --editable --build-directory /home/elamrani/ROS2_WS1/build/my_py_pkg/build --no-deps install_data
[2.361s] running develop
[2.361s] /usr/lib/python3/dist-packages/setuptools/command/easy_install.py:158: EasyInstallDeprecationWarning: easy_install command is deprecated. Use build and pip and other standards-based tools.
[2.361s]   warnings.warn(
[2.363s] /usr/lib/python3/dist-packages/setuptools/command/install.py:34: SetuptoolsDeprecationWarning: setup.py install is deprecated. Use build and pip and other standards-based tools.
[2.363s]   warnings.warn(
[2.496s] /usr/lib/python3/dist-packages/pkg_resources/__init__.py:116: PkgResourcesDeprecationWarning: 1.16.0-unknown is an invalid version and will not be supported in a future release
[2.497s]   warnings.warn(
[2.497s] /usr/lib/python3/dist-packages/pkg_resources/__init__.py:116: PkgResourcesDeprecationWarning: 0.1.43ubuntu1 is an invalid version and will not be supported in a future release
[2.497s]   warnings.warn(
[2.498s] /usr/lib/python3/dist-packages/pkg_resources/__init__.py:116: PkgResourcesDeprecationWarning: 1.1build1 is an invalid version and will not be supported in a future release
[2.498s]   warnings.warn(
[2.731s] running egg_info
[2.731s] writing my_py_pkg.egg-info/PKG-INFO
[2.732s] writing dependency_links to my_py_pkg.egg-info/dependency_links.txt
[2.732s] writing entry points to my_py_pkg.egg-info/entry_points.txt
[2.732s] writing requirements to my_py_pkg.egg-info/requires.txt
[2.732s] writing top-level names to my_py_pkg.egg-info/top_level.txt
[2.735s] reading manifest file 'my_py_pkg.egg-info/SOURCES.txt'
[2.736s] writing manifest file 'my_py_pkg.egg-info/SOURCES.txt'
[2.742s] running build_ext
[2.743s] Creating /home/elamrani/ROS2_WS1/install/my_py_pkg/lib/python3.10/site-packages/my-py-pkg.egg-link (link to .)
[2.744s] Installing listener script to /home/elamrani/ROS2_WS1/install/my_py_pkg/lib/my_py_pkg
[2.744s] Installing providing_service script to /home/elamrani/ROS2_WS1/install/my_py_pkg/lib/my_py_pkg
[2.744s] Installing talker script to /home/elamrani/ROS2_WS1/install/my_py_pkg/lib/my_py_pkg
[2.745s] 
[2.745s] Installed /home/elamrani/ROS2_WS1/build/my_py_pkg
[2.745s] running install_data
[2.786s] Invoked command in '/home/elamrani/ROS2_WS1/build/my_py_pkg' returned '0': PYTHONPATH=/home/elamrani/ROS2_WS1/build/my_py_pkg/prefix_override:/home/elamrani/ROS2_WS1/install/my_py_pkg/lib/python3.10/site-packages:${PYTHONPATH} /usr/bin/python3 setup.py develop --editable --build-directory /home/elamrani/ROS2_WS1/build/my_py_pkg/build --no-deps install_data
