[1.620s] Invoking command in '/home/elamrani/ROS2_WS1/build/my_py_pkg': PYTHONPATH=/home/elamrani/ROS2_WS1/build/my_py_pkg/prefix_override:/home/elamrani/ROS2_WS1/install/my_py_pkg/lib/python3.10/site-packages:${PYTHONPATH} /usr/bin/python3 setup.py develop --editable --build-directory /home/elamrani/ROS2_WS1/build/my_py_pkg/build --no-deps install_data
[2.315s] running develop
[2.315s] /usr/lib/python3/dist-packages/setuptools/command/easy_install.py:158: EasyInstallDeprecationWarning: easy_install command is deprecated. Use build and pip and other standards-based tools.
[2.315s]   warnings.warn(
[2.317s] /usr/lib/python3/dist-packages/setuptools/command/install.py:34: SetuptoolsDeprecationWarning: setup.py install is deprecated. Use build and pip and other standards-based tools.
[2.317s]   warnings.warn(
[2.450s] /usr/lib/python3/dist-packages/pkg_resources/__init__.py:116: PkgResourcesDeprecationWarning: 1.16.0-unknown is an invalid version and will not be supported in a future release
[2.451s]   warnings.warn(
[2.451s] /usr/lib/python3/dist-packages/pkg_resources/__init__.py:116: PkgResourcesDeprecationWarning: 0.1.43ubuntu1 is an invalid version and will not be supported in a future release
[2.451s]   warnings.warn(
[2.452s] /usr/lib/python3/dist-packages/pkg_resources/__init__.py:116: PkgResourcesDeprecationWarning: 1.1build1 is an invalid version and will not be supported in a future release
[2.452s]   warnings.warn(
[2.683s] running egg_info
[2.684s] writing my_py_pkg.egg-info/PKG-INFO
[2.684s] writing dependency_links to my_py_pkg.egg-info/dependency_links.txt
[2.684s] writing entry points to my_py_pkg.egg-info/entry_points.txt
[2.684s] writing requirements to my_py_pkg.egg-info/requires.txt
[2.684s] writing top-level names to my_py_pkg.egg-info/top_level.txt
[2.687s] reading manifest file 'my_py_pkg.egg-info/SOURCES.txt'
[2.688s] writing manifest file 'my_py_pkg.egg-info/SOURCES.txt'
[2.694s] running build_ext
[2.694s] Creating /home/elamrani/ROS2_WS1/install/my_py_pkg/lib/python3.10/site-packages/my-py-pkg.egg-link (link to .)
[2.695s] Installing listener script to /home/elamrani/ROS2_WS1/install/my_py_pkg/lib/my_py_pkg
[2.695s] Installing providing_service script to /home/elamrani/ROS2_WS1/install/my_py_pkg/lib/my_py_pkg
[2.695s] Installing talker script to /home/elamrani/ROS2_WS1/install/my_py_pkg/lib/my_py_pkg
[2.696s] 
[2.696s] Installed /home/elamrani/ROS2_WS1/build/my_py_pkg
[2.696s] running install_data
[2.696s] copying package.xml -> /home/elamrani/ROS2_WS1/install/my_py_pkg/share/my_py_pkg
[2.735s] Invoked command in '/home/elamrani/ROS2_WS1/build/my_py_pkg' returned '0': PYTHONPATH=/home/elamrani/ROS2_WS1/build/my_py_pkg/prefix_override:/home/elamrani/ROS2_WS1/install/my_py_pkg/lib/python3.10/site-packages:${PYTHONPATH} /usr/bin/python3 setup.py develop --editable --build-directory /home/elamrani/ROS2_WS1/build/my_py_pkg/build --no-deps install_data
