[1.891s] Invoking command in '/home/elamrani/ROS2_WS1/build/my_py_pkg': AMENT_PREFIX_PATH=/home/elamrani/ROS2_WS1/install/my_robot_interfaces:${AMENT_PREFIX_PATH} CMAKE_PREFIX_PATH=/home/elamrani/ROS2_WS1/install/my_robot_interfaces:${CMAKE_PREFIX_PATH} LD_LIBRARY_PATH=/home/elamrani/ROS2_WS1/install/my_robot_interfaces/lib:${LD_LIBRARY_PATH} PYTHONPATH=/home/elamrani/ROS2_WS1/build/my_py_pkg/prefix_override:/home/elamrani/ROS2_WS1/install/my_py_pkg/lib/python3.10/site-packages:/home/elamrani/ROS2_WS1/install/my_robot_interfaces/local/lib/python3.10/dist-packages:${PYTHONPATH} /usr/bin/python3 setup.py develop --uninstall --editable --build-directory /home/elamrani/ROS2_WS1/build/my_py_pkg/build
[2.629s] running develop
[2.647s] /usr/lib/python3/dist-packages/setuptools/command/easy_install.py:158: EasyInstallDeprecationWarning: easy_install command is deprecated. Use build and pip and other standards-based tools.
[2.647s]   warnings.warn(
[2.651s] /usr/lib/python3/dist-packages/setuptools/command/install.py:34: SetuptoolsDeprecationWarning: setup.py install is deprecated. Use build and pip and other standards-based tools.
[2.651s]   warnings.warn(
[2.828s] /usr/lib/python3/dist-packages/pkg_resources/__init__.py:116: PkgResourcesDeprecationWarning: 1.16.0-unknown is an invalid version and will not be supported in a future release
[2.828s]   warnings.warn(
[2.829s] /usr/lib/python3/dist-packages/pkg_resources/__init__.py:116: PkgResourcesDeprecationWarning: 0.1.43ubuntu1 is an invalid version and will not be supported in a future release
[2.829s]   warnings.warn(
[2.831s] /usr/lib/python3/dist-packages/pkg_resources/__init__.py:116: PkgResourcesDeprecationWarning: 1.1build1 is an invalid version and will not be supported in a future release
[2.831s]   warnings.warn(
[3.086s] Removing /home/elamrani/ROS2_WS1/install/my_py_pkg/lib/python3.10/site-packages/my-py-pkg.egg-link (link to .)
[3.126s] Invoked command in '/home/elamrani/ROS2_WS1/build/my_py_pkg' returned '0': AMENT_PREFIX_PATH=/home/elamrani/ROS2_WS1/install/my_robot_interfaces:${AMENT_PREFIX_PATH} CMAKE_PREFIX_PATH=/home/elamrani/ROS2_WS1/install/my_robot_interfaces:${CMAKE_PREFIX_PATH} LD_LIBRARY_PATH=/home/elamrani/ROS2_WS1/install/my_robot_interfaces/lib:${LD_LIBRARY_PATH} PYTHONPATH=/home/elamrani/ROS2_WS1/build/my_py_pkg/prefix_override:/home/elamrani/ROS2_WS1/install/my_py_pkg/lib/python3.10/site-packages:/home/elamrani/ROS2_WS1/install/my_robot_interfaces/local/lib/python3.10/dist-packages:${PYTHONPATH} /usr/bin/python3 setup.py develop --uninstall --editable --build-directory /home/elamrani/ROS2_WS1/build/my_py_pkg/build
[3.130s] Invoking command in '/home/elamrani/ROS2_WS1/src/my_py_pkg': AMENT_PREFIX_PATH=/home/elamrani/ROS2_WS1/install/my_robot_interfaces:${AMENT_PREFIX_PATH} CMAKE_PREFIX_PATH=/home/elamrani/ROS2_WS1/install/my_robot_interfaces:${CMAKE_PREFIX_PATH} LD_LIBRARY_PATH=/home/elamrani/ROS2_WS1/install/my_robot_interfaces/lib:${LD_LIBRARY_PATH} PYTHONPATH=/home/elamrani/ROS2_WS1/build/my_py_pkg/prefix_override:/home/elamrani/ROS2_WS1/install/my_py_pkg/lib/python3.10/site-packages:/home/elamrani/ROS2_WS1/install/my_robot_interfaces/local/lib/python3.10/dist-packages:${PYTHONPATH} /usr/bin/python3 setup.py egg_info --egg-base ../../build/my_py_pkg build --build-base /home/elamrani/ROS2_WS1/build/my_py_pkg/build install --record /home/elamrani/ROS2_WS1/build/my_py_pkg/install.log --single-version-externally-managed
[3.899s] running egg_info
[3.900s] writing ../../build/my_py_pkg/my_py_pkg.egg-info/PKG-INFO
[3.901s] writing dependency_links to ../../build/my_py_pkg/my_py_pkg.egg-info/dependency_links.txt
[3.901s] writing entry points to ../../build/my_py_pkg/my_py_pkg.egg-info/entry_points.txt
[3.901s] writing requirements to ../../build/my_py_pkg/my_py_pkg.egg-info/requires.txt
[3.901s] writing top-level names to ../../build/my_py_pkg/my_py_pkg.egg-info/top_level.txt
[3.904s] reading manifest file '../../build/my_py_pkg/my_py_pkg.egg-info/SOURCES.txt'
[3.921s] writing manifest file '../../build/my_py_pkg/my_py_pkg.egg-info/SOURCES.txt'
[3.921s] running build
[3.921s] running build_py
[3.921s] copying my_py_pkg/talker.py -> /home/elamrani/ROS2_WS1/build/my_py_pkg/build/lib/my_py_pkg
[3.922s] running install
[3.922s] /usr/lib/python3/dist-packages/setuptools/command/install.py:34: SetuptoolsDeprecationWarning: setup.py install is deprecated. Use build and pip and other standards-based tools.
[3.922s]   warnings.warn(
[3.923s] running install_lib
[3.924s] creating /home/elamrani/ROS2_WS1/install/my_py_pkg/lib/python3.10/site-packages/my_py_pkg
[3.924s] copying /home/elamrani/ROS2_WS1/build/my_py_pkg/build/lib/my_py_pkg/__init__.py -> /home/elamrani/ROS2_WS1/install/my_py_pkg/lib/python3.10/site-packages/my_py_pkg
[3.924s] copying /home/elamrani/ROS2_WS1/build/my_py_pkg/build/lib/my_py_pkg/listener.py -> /home/elamrani/ROS2_WS1/install/my_py_pkg/lib/python3.10/site-packages/my_py_pkg
[3.925s] copying /home/elamrani/ROS2_WS1/build/my_py_pkg/build/lib/my_py_pkg/providing_service.py -> /home/elamrani/ROS2_WS1/install/my_py_pkg/lib/python3.10/site-packages/my_py_pkg
[3.925s] copying /home/elamrani/ROS2_WS1/build/my_py_pkg/build/lib/my_py_pkg/talker.py -> /home/elamrani/ROS2_WS1/install/my_py_pkg/lib/python3.10/site-packages/my_py_pkg
[3.931s] byte-compiling /home/elamrani/ROS2_WS1/install/my_py_pkg/lib/python3.10/site-packages/my_py_pkg/__init__.py to __init__.cpython-310.pyc
[3.932s] byte-compiling /home/elamrani/ROS2_WS1/install/my_py_pkg/lib/python3.10/site-packages/my_py_pkg/listener.py to listener.cpython-310.pyc
[3.932s] byte-compiling /home/elamrani/ROS2_WS1/install/my_py_pkg/lib/python3.10/site-packages/my_py_pkg/providing_service.py to providing_service.cpython-310.pyc
[3.933s] byte-compiling /home/elamrani/ROS2_WS1/install/my_py_pkg/lib/python3.10/site-packages/my_py_pkg/talker.py to talker.cpython-310.pyc
[3.933s] running install_data
[3.935s] copying package.xml -> /home/elamrani/ROS2_WS1/install/my_py_pkg/share/my_py_pkg
[3.935s] running install_egg_info
[3.940s] Copying ../../build/my_py_pkg/my_py_pkg.egg-info to /home/elamrani/ROS2_WS1/install/my_py_pkg/lib/python3.10/site-packages/my_py_pkg-0.0.0-py3.10.egg-info
[3.942s] running install_scripts
[4.007s] Installing listener script to /home/elamrani/ROS2_WS1/install/my_py_pkg/lib/my_py_pkg
[4.008s] Installing providing_service script to /home/elamrani/ROS2_WS1/install/my_py_pkg/lib/my_py_pkg
[4.008s] Installing talker script to /home/elamrani/ROS2_WS1/install/my_py_pkg/lib/my_py_pkg
[4.009s] writing list of installed files to '/home/elamrani/ROS2_WS1/build/my_py_pkg/install.log'
[4.052s] Invoked command in '/home/elamrani/ROS2_WS1/src/my_py_pkg' returned '0': AMENT_PREFIX_PATH=/home/elamrani/ROS2_WS1/install/my_robot_interfaces:${AMENT_PREFIX_PATH} CMAKE_PREFIX_PATH=/home/elamrani/ROS2_WS1/install/my_robot_interfaces:${CMAKE_PREFIX_PATH} LD_LIBRARY_PATH=/home/elamrani/ROS2_WS1/install/my_robot_interfaces/lib:${LD_LIBRARY_PATH} PYTHONPATH=/home/elamrani/ROS2_WS1/build/my_py_pkg/prefix_override:/home/elamrani/ROS2_WS1/install/my_py_pkg/lib/python3.10/site-packages:/home/elamrani/ROS2_WS1/install/my_robot_interfaces/local/lib/python3.10/dist-packages:${PYTHONPATH} /usr/bin/python3 setup.py egg_info --egg-base ../../build/my_py_pkg build --build-base /home/elamrani/ROS2_WS1/build/my_py_pkg/build install --record /home/elamrani/ROS2_WS1/build/my_py_pkg/install.log --single-version-externally-managed
