[0.075s] Invoking command in '/home/elamrani/ROS2_WS1/build/my_robot_interfaces': CMAKE_PREFIX_PATH=${CMAKE_PREFIX_PATH}:/home/elamrani/ROS2_WS1/install/my_py_pkg:/home/elamrani/ros2_humble/install/rqt_bag_plugins:/home/elamrani/ros2_humble/install/rqt_bag:/home/elamrani/ros2_humble/install/ros2bag:/home/elamrani/ros2_humble/install/tracetools_test:/home/elamrani/ros2_humble/install/tracetools_launch:/home/elamrani/ros2_humble/install/topic_monitor:/home/elamrani/ros2_humble/install/tf2_tools:/home/elamrani/ros2_humble/install/examples_tf2_py:/home/elamrani/ros2_humble/install/tf2_ros_py:/home/elamrani/ros2_humble/install/sros2:/home/elamrani/ros2_humble/install/rqt_topic:/home/elamrani/ros2_humble/install/rqt_srv:/home/elamrani/ros2_humble/install/rqt_shell:/home/elamrani/ros2_humble/install/rqt_service_caller:/home/elamrani/ros2_humble/install/rqt_reconfigure:/home/elamrani/ros2_humble/install/rqt_py_console:/home/elamrani/ros2_humble/install/rqt_publisher:/home/elamrani/ros2_humble/install/rqt_plot:/home/elamrani/ros2_humble/install/rqt_action:/home/elamrani/ros2_humble/install/rqt_msg:/home/elamrani/ros2_humble/install/rqt_console:/home/elamrani/ros2_humble/install/rqt:/home/elamrani/ros2_humble/install/rqt_graph:/home/elamrani/ros2_humble/install/rqt_gui_py:/home/elamrani/ros2_humble/install/rqt_gui:/home/elamrani/ros2_humble/install/ros2trace:/home/elamrani/ros2_humble/install/ros2topic:/home/elamrani/ros2_humble/install/ros2test:/home/elamrani/ros2_humble/install/ros2component:/home/elamrani/ros2_humble/install/ros2param:/home/elamrani/ros2_humble/install/ros2lifecycle:/home/elamrani/ros2_humble/install/ros2service:/home/elamrani/ros2_humble/install/ros2run:/home/elamrani/ros2_humble/install/ros2launch:/home/elamrani/ros2_humble/install/ros2pkg:/home/elamrani/ros2_humble/install/ros2node:/home/elamrani/ros2_humble/install/ros2multicast:/home/elamrani/ros2_humble/install/ros2interface:/home/elamrani/ros2_humble/install/ros2doctor:/home/elamrani/ros2_humble/install/ros2action:/home/elamrani/ros2_humble/install/ros2cli:/home/elamrani/ros2_humble/install/quality_of_service_demo_py:/home/elamrani/ros2_humble/install/lifecycle_py:/home/elamrani/ros2_humble/install/launch_testing_ros:/home/elamrani/ros2_humble/install/launch_ros:/home/elamrani/ros2_humble/install/examples_rclpy_pointcloud_publisher:/home/elamrani/ros2_humble/install/examples_rclpy_minimal_subscriber:/home/elamrani/ros2_humble/install/examples_rclpy_minimal_service:/home/elamrani/ros2_humble/install/examples_rclpy_minimal_publisher:/home/elamrani/ros2_humble/install/examples_rclpy_minimal_client:/home/elamrani/ros2_humble/install/examples_rclpy_minimal_action_server:/home/elamrani/ros2_humble/install/examples_rclpy_minimal_action_client:/home/elamrani/ros2_humble/install/examples_rclpy_guard_conditions:/home/elamrani/ros2_humble/install/examples_rclpy_executors:/home/elamrani/ros2_humble/install/demo_nodes_py:/home/elamrani/ros2_humble/install/action_tutorials_py:/home/elamrani/ros2_humble/install/ament_uncrustify:/home/elamrani/ros2_humble/install/tracetools_trace:/home/elamrani/ros2_humble/install/tracetools_read:/home/elamrani/ros2_humble/install/test_tracetools_launch:/home/elamrani/ros2_humble/install/test_launch_ros:/home/elamrani/ros2_humble/install/sensor_msgs_py:/home/elamrani/ros2_humble/install/rpyutils:/home/elamrani/ros2_humble/install/rosidl_runtime_py:/home/elamrani/ros2_humble/install/rosidl_cli:/home/elamrani/ros2_humble/install/launch_pytest:/home/elamrani/ros2_humble/install/launch_testing:/home/elamrani/ros2_humble/install/launch_yaml:/home/elamrani/ros2_humble/install/launch_xml:/home/elamrani/ros2_humble/install/launch:/home/elamrani/ros2_humble/install/osrf_pycommon:/home/elamrani/ros2_humble/install/launch_testing_examples:/home/elamrani/ros2_humble/install/domain_coordinator:/home/elamrani/ros2_humble/install/ament_xmllint:/home/elamrani/ros2_humble/install/ament_pyflakes:/home/elamrani/ros2_humble/install/ament_pycodestyle:/home/elamrani/ros2_humble/install/ament_pep257:/home/elamrani/ros2_humble/install/ament_pclint:/home/elamrani/ros2_humble/install/ament_package:/home/elamrani/ros2_humble/install/ament_mypy:/home/elamrani/ros2_humble/install/ament_lint_cmake:/home/elamrani/ros2_humble/install/ament_flake8:/home/elamrani/ros2_humble/install/ament_copyright:/home/elamrani/ros2_humble/install/ament_lint:/home/elamrani/ros2_humble/install/ament_index_python:/home/elamrani/ros2_humble/install/ament_cpplint:/home/elamrani/ros2_humble/install/ament_cppcheck:/home/elamrani/ros2_humble/install/ament_clang_tidy:/home/elamrani/ros2_humble/install/ament_clang_format:/opt/ros/humble /usr/bin/cmake --build /home/elamrani/ROS2_WS1/build/my_robot_interfaces -- -j4 -l4
[0.160s] -- Found ament_cmake: 1.3.3 (/home/elamrani/ros2_humble/install/ament_cmake/share/ament_cmake/cmake)
[0.803s] -- Override CMake install command with custom implementation using symlinks instead of copying resources
[0.813s] -- Found geometry_msgs: 4.2.2 (/home/elamrani/ros2_humble/install/geometry_msgs/share/geometry_msgs/cmake)
[0.862s] -- Found rosidl_generator_c: 3.1.4 (/home/elamrani/ros2_humble/install/rosidl_generator_c/share/rosidl_generator_c/cmake)
[0.865s] -- Found rosidl_adapter: 3.1.4 (/home/elamrani/ros2_humble/install/rosidl_adapter/share/rosidl_adapter/cmake)
[0.874s] -- Found rosidl_generator_cpp: 3.1.4 (/home/elamrani/ros2_humble/install/rosidl_generator_cpp/share/rosidl_generator_cpp/cmake)
[0.926s] -- Using all available rosidl_typesupport_c: rosidl_typesupport_introspection_c;rosidl_typesupport_fastrtps_c
[0.987s] -- Using all available rosidl_typesupport_cpp: rosidl_typesupport_introspection_cpp;rosidl_typesupport_fastrtps_cpp
[1.196s] -- Found rosidl_default_generators: 1.2.0 (/home/elamrani/ros2_humble/install/rosidl_default_generators/share/rosidl_default_generators/cmake)
[2.438s] -- Found ament_cmake_ros: 0.10.0 (/home/elamrani/ros2_humble/install/ament_cmake_ros/share/ament_cmake_ros/cmake)
[3.994s] -- Using all available rosidl_typesupport_c: rosidl_typesupport_introspection_c;rosidl_typesupport_fastrtps_c
[4.640s] -- Using all available rosidl_typesupport_cpp: rosidl_typesupport_introspection_cpp;rosidl_typesupport_fastrtps_cpp
[4.751s] -- Found python_cmake_module: 0.10.0 (/home/elamrani/ros2_humble/install/python_cmake_module/share/python_cmake_module/cmake)
[4.862s] -- Using PYTHON_EXECUTABLE: /usr/bin/python3
[4.862s] -- Using PYTHON_INCLUDE_DIRS: /usr/include/python3.10
[4.862s] -- Using PYTHON_LIBRARIES: /usr/lib/x86_64-linux-gnu/libpython3.10.so
[5.469s] -- Configuring done
[5.552s] -- Generating done
[5.556s] -- Build files have been written to: /home/elamrani/ROS2_WS1/build/my_robot_interfaces
[5.732s] [  3%] Built target my_robot_interfaces__cpp
[5.732s] [  3%] Built target ament_cmake_python_symlink_my_robot_interfaces
[5.733s] [  6%] [32mBuilding C object CMakeFiles/my_robot_interfaces__rosidl_generator_c.dir/rosidl_generator_c/my_robot_interfaces/msg/detail/target_coordinates__functions.c.o[0m
[5.858s] [  9%] [32mBuilding CXX object CMakeFiles/my_robot_interfaces__rosidl_typesupport_fastrtps_cpp.dir/rosidl_typesupport_fastrtps_cpp/my_robot_interfaces/msg/detail/dds_fastrtps/target_coordinates__type_support.cpp.o[0m
[5.869s] [ 12%] [32mBuilding CXX object CMakeFiles/my_robot_interfaces__rosidl_typesupport_introspection_cpp.dir/rosidl_typesupport_introspection_cpp/my_robot_interfaces/msg/detail/target_coordinates__type_support.cpp.o[0m
[5.986s] [ 16%] [32m[1mLinking C shared library libmy_robot_interfaces__rosidl_generator_c.so[0m
[6.204s] [ 19%] Built target my_robot_interfaces__rosidl_generator_c
[6.274s] [ 22%] [34m[1mGenerating C++ type support dispatch for ROS interfaces[0m
[6.913s] [ 25%] [32m[1mLinking CXX shared library libmy_robot_interfaces__rosidl_typesupport_introspection_cpp.so[0m
[7.060s] [ 29%] [32m[1mLinking CXX shared library libmy_robot_interfaces__rosidl_typesupport_fastrtps_cpp.so[0m
[7.164s] [ 32%] Built target my_robot_interfaces__rosidl_typesupport_introspection_cpp
[7.218s] [ 35%] [34m[1mGenerating C type support for eProsima Fast-RTPS[0m
[7.295s] running egg_info
[7.297s] writing my_robot_interfaces.egg-info/PKG-INFO
[7.298s] writing dependency_links to my_robot_interfaces.egg-info/dependency_links.txt
[7.299s] writing top-level names to my_robot_interfaces.egg-info/top_level.txt
[7.340s] reading manifest file 'my_robot_interfaces.egg-info/SOURCES.txt'
[7.341s] writing manifest file 'my_robot_interfaces.egg-info/SOURCES.txt'
[7.412s] [ 38%] Built target my_robot_interfaces__rosidl_typesupport_fastrtps_cpp
[7.417s] [ 41%] [32mBuilding CXX object CMakeFiles/my_robot_interfaces__rosidl_typesupport_cpp.dir/rosidl_typesupport_cpp/my_robot_interfaces/msg/target_coordinates__type_support.cpp.o[0m
[7.436s] [ 41%] Built target ament_cmake_python_build_my_robot_interfaces_egg
[7.481s] [ 45%] [34m[1mGenerating C introspection for ROS interfaces[0m
[7.508s] [ 48%] [34m[1mGenerating C type support dispatch for ROS interfaces[0m
[8.148s] [ 51%] [32m[1mLinking CXX shared library libmy_robot_interfaces__rosidl_typesupport_cpp.so[0m
[8.370s] [ 51%] Built target my_robot_interfaces__rosidl_typesupport_cpp
[8.549s] [ 58%] [32mBuilding CXX object CMakeFiles/my_robot_interfaces__rosidl_typesupport_c.dir/rosidl_typesupport_c/my_robot_interfaces/msg/target_coordinates__type_support.cpp.o[0m
[8.550s] [ 58%] [32mBuilding CXX object CMakeFiles/my_robot_interfaces__rosidl_typesupport_fastrtps_c.dir/rosidl_typesupport_fastrtps_c/my_robot_interfaces/msg/detail/target_coordinates__type_support_c.cpp.o[0m
[8.648s] [ 61%] [32mBuilding C object CMakeFiles/my_robot_interfaces__rosidl_typesupport_introspection_c.dir/rosidl_typesupport_introspection_c/my_robot_interfaces/msg/detail/target_coordinates__type_support.c.o[0m
[8.718s] [ 64%] [32m[1mLinking CXX shared library libmy_robot_interfaces__rosidl_typesupport_c.so[0m
[8.802s] [ 67%] [32m[1mLinking C shared library libmy_robot_interfaces__rosidl_typesupport_introspection_c.so[0m
[8.892s] [ 67%] Built target my_robot_interfaces__rosidl_typesupport_c
[8.957s] [ 67%] Built target my_robot_interfaces__rosidl_typesupport_introspection_c
[9.257s] [ 70%] [32m[1mLinking CXX shared library libmy_robot_interfaces__rosidl_typesupport_fastrtps_c.so[0m
[9.497s] [ 70%] Built target my_robot_interfaces__rosidl_typesupport_fastrtps_c
[9.584s] [ 70%] Built target my_robot_interfaces
[9.670s] [ 74%] [34m[1mGenerating Python code for ROS interfaces[0m
[10.382s] [ 74%] Built target my_robot_interfaces__py
[10.465s] [ 77%] [32mBuilding C object CMakeFiles/my_robot_interfaces__rosidl_generator_py.dir/rosidl_generator_py/my_robot_interfaces/msg/_target_coordinates_s.c.o[0m
[10.753s] [ 80%] [32m[1mLinking C shared library rosidl_generator_py/my_robot_interfaces/libmy_robot_interfaces__rosidl_generator_py.so[0m
[10.941s] [ 80%] Built target my_robot_interfaces__rosidl_generator_py
[11.046s] [ 83%] [32mBuilding C object CMakeFiles/my_robot_interfaces__rosidl_typesupport_introspection_c__pyext.dir/rosidl_generator_py/my_robot_interfaces/_my_robot_interfaces_s.ep.rosidl_typesupport_introspection_c.c.o[0m
[11.067s] [ 87%] [32mBuilding C object CMakeFiles/my_robot_interfaces__rosidl_typesupport_fastrtps_c__pyext.dir/rosidl_generator_py/my_robot_interfaces/_my_robot_interfaces_s.ep.rosidl_typesupport_fastrtps_c.c.o[0m
[11.072s] [ 90%] [32mBuilding C object CMakeFiles/my_robot_interfaces__rosidl_typesupport_c__pyext.dir/rosidl_generator_py/my_robot_interfaces/_my_robot_interfaces_s.ep.rosidl_typesupport_c.c.o[0m
[11.338s] [ 93%] [32m[1mLinking C shared library rosidl_generator_py/my_robot_interfaces/my_robot_interfaces_s__rosidl_typesupport_c.cpython-310-x86_64-linux-gnu.so[0m
[11.369s] [ 96%] [32m[1mLinking C shared library rosidl_generator_py/my_robot_interfaces/my_robot_interfaces_s__rosidl_typesupport_introspection_c.cpython-310-x86_64-linux-gnu.so[0m
[11.386s] [100%] [32m[1mLinking C shared library rosidl_generator_py/my_robot_interfaces/my_robot_interfaces_s__rosidl_typesupport_fastrtps_c.cpython-310-x86_64-linux-gnu.so[0m
[11.498s] [100%] Built target my_robot_interfaces__rosidl_typesupport_c__pyext
[11.538s] [100%] Built target my_robot_interfaces__rosidl_typesupport_introspection_c__pyext
[11.545s] [100%] Built target my_robot_interfaces__rosidl_typesupport_fastrtps_c__pyext
[11.579s] Invoked command in '/home/elamrani/ROS2_WS1/build/my_robot_interfaces' returned '0': CMAKE_PREFIX_PATH=${CMAKE_PREFIX_PATH}:/home/elamrani/ROS2_WS1/install/my_py_pkg:/home/elamrani/ros2_humble/install/rqt_bag_plugins:/home/elamrani/ros2_humble/install/rqt_bag:/home/elamrani/ros2_humble/install/ros2bag:/home/elamrani/ros2_humble/install/tracetools_test:/home/elamrani/ros2_humble/install/tracetools_launch:/home/elamrani/ros2_humble/install/topic_monitor:/home/elamrani/ros2_humble/install/tf2_tools:/home/elamrani/ros2_humble/install/examples_tf2_py:/home/elamrani/ros2_humble/install/tf2_ros_py:/home/elamrani/ros2_humble/install/sros2:/home/elamrani/ros2_humble/install/rqt_topic:/home/elamrani/ros2_humble/install/rqt_srv:/home/elamrani/ros2_humble/install/rqt_shell:/home/elamrani/ros2_humble/install/rqt_service_caller:/home/elamrani/ros2_humble/install/rqt_reconfigure:/home/elamrani/ros2_humble/install/rqt_py_console:/home/elamrani/ros2_humble/install/rqt_publisher:/home/elamrani/ros2_humble/install/rqt_plot:/home/elamrani/ros2_humble/install/rqt_action:/home/elamrani/ros2_humble/install/rqt_msg:/home/elamrani/ros2_humble/install/rqt_console:/home/elamrani/ros2_humble/install/rqt:/home/elamrani/ros2_humble/install/rqt_graph:/home/elamrani/ros2_humble/install/rqt_gui_py:/home/elamrani/ros2_humble/install/rqt_gui:/home/elamrani/ros2_humble/install/ros2trace:/home/elamrani/ros2_humble/install/ros2topic:/home/elamrani/ros2_humble/install/ros2test:/home/elamrani/ros2_humble/install/ros2component:/home/elamrani/ros2_humble/install/ros2param:/home/elamrani/ros2_humble/install/ros2lifecycle:/home/elamrani/ros2_humble/install/ros2service:/home/elamrani/ros2_humble/install/ros2run:/home/elamrani/ros2_humble/install/ros2launch:/home/elamrani/ros2_humble/install/ros2pkg:/home/elamrani/ros2_humble/install/ros2node:/home/elamrani/ros2_humble/install/ros2multicast:/home/elamrani/ros2_humble/install/ros2interface:/home/elamrani/ros2_humble/install/ros2doctor:/home/elamrani/ros2_humble/install/ros2action:/home/elamrani/ros2_humble/install/ros2cli:/home/elamrani/ros2_humble/install/quality_of_service_demo_py:/home/elamrani/ros2_humble/install/lifecycle_py:/home/elamrani/ros2_humble/install/launch_testing_ros:/home/elamrani/ros2_humble/install/launch_ros:/home/elamrani/ros2_humble/install/examples_rclpy_pointcloud_publisher:/home/elamrani/ros2_humble/install/examples_rclpy_minimal_subscriber:/home/elamrani/ros2_humble/install/examples_rclpy_minimal_service:/home/elamrani/ros2_humble/install/examples_rclpy_minimal_publisher:/home/elamrani/ros2_humble/install/examples_rclpy_minimal_client:/home/elamrani/ros2_humble/install/examples_rclpy_minimal_action_server:/home/elamrani/ros2_humble/install/examples_rclpy_minimal_action_client:/home/elamrani/ros2_humble/install/examples_rclpy_guard_conditions:/home/elamrani/ros2_humble/install/examples_rclpy_executors:/home/elamrani/ros2_humble/install/demo_nodes_py:/home/elamrani/ros2_humble/install/action_tutorials_py:/home/elamrani/ros2_humble/install/ament_uncrustify:/home/elamrani/ros2_humble/install/tracetools_trace:/home/elamrani/ros2_humble/install/tracetools_read:/home/elamrani/ros2_humble/install/test_tracetools_launch:/home/elamrani/ros2_humble/install/test_launch_ros:/home/elamrani/ros2_humble/install/sensor_msgs_py:/home/elamrani/ros2_humble/install/rpyutils:/home/elamrani/ros2_humble/install/rosidl_runtime_py:/home/elamrani/ros2_humble/install/rosidl_cli:/home/elamrani/ros2_humble/install/launch_pytest:/home/elamrani/ros2_humble/install/launch_testing:/home/elamrani/ros2_humble/install/launch_yaml:/home/elamrani/ros2_humble/install/launch_xml:/home/elamrani/ros2_humble/install/launch:/home/elamrani/ros2_humble/install/osrf_pycommon:/home/elamrani/ros2_humble/install/launch_testing_examples:/home/elamrani/ros2_humble/install/domain_coordinator:/home/elamrani/ros2_humble/install/ament_xmllint:/home/elamrani/ros2_humble/install/ament_pyflakes:/home/elamrani/ros2_humble/install/ament_pycodestyle:/home/elamrani/ros2_humble/install/ament_pep257:/home/elamrani/ros2_humble/install/ament_pclint:/home/elamrani/ros2_humble/install/ament_package:/home/elamrani/ros2_humble/install/ament_mypy:/home/elamrani/ros2_humble/install/ament_lint_cmake:/home/elamrani/ros2_humble/install/ament_flake8:/home/elamrani/ros2_humble/install/ament_copyright:/home/elamrani/ros2_humble/install/ament_lint:/home/elamrani/ros2_humble/install/ament_index_python:/home/elamrani/ros2_humble/install/ament_cpplint:/home/elamrani/ros2_humble/install/ament_cppcheck:/home/elamrani/ros2_humble/install/ament_clang_tidy:/home/elamrani/ros2_humble/install/ament_clang_format:/opt/ros/humble /usr/bin/cmake --build /home/elamrani/ROS2_WS1/build/my_robot_interfaces -- -j4 -l4
[12.059s] Invoking command in '/home/elamrani/ROS2_WS1/build/my_robot_interfaces': CMAKE_PREFIX_PATH=${CMAKE_PREFIX_PATH}:/home/elamrani/ROS2_WS1/install/my_py_pkg:/home/elamrani/ros2_humble/install/rqt_bag_plugins:/home/elamrani/ros2_humble/install/rqt_bag:/home/elamrani/ros2_humble/install/ros2bag:/home/elamrani/ros2_humble/install/tracetools_test:/home/elamrani/ros2_humble/install/tracetools_launch:/home/elamrani/ros2_humble/install/topic_monitor:/home/elamrani/ros2_humble/install/tf2_tools:/home/elamrani/ros2_humble/install/examples_tf2_py:/home/elamrani/ros2_humble/install/tf2_ros_py:/home/elamrani/ros2_humble/install/sros2:/home/elamrani/ros2_humble/install/rqt_topic:/home/elamrani/ros2_humble/install/rqt_srv:/home/elamrani/ros2_humble/install/rqt_shell:/home/elamrani/ros2_humble/install/rqt_service_caller:/home/elamrani/ros2_humble/install/rqt_reconfigure:/home/elamrani/ros2_humble/install/rqt_py_console:/home/elamrani/ros2_humble/install/rqt_publisher:/home/elamrani/ros2_humble/install/rqt_plot:/home/elamrani/ros2_humble/install/rqt_action:/home/elamrani/ros2_humble/install/rqt_msg:/home/elamrani/ros2_humble/install/rqt_console:/home/elamrani/ros2_humble/install/rqt:/home/elamrani/ros2_humble/install/rqt_graph:/home/elamrani/ros2_humble/install/rqt_gui_py:/home/elamrani/ros2_humble/install/rqt_gui:/home/elamrani/ros2_humble/install/ros2trace:/home/elamrani/ros2_humble/install/ros2topic:/home/elamrani/ros2_humble/install/ros2test:/home/elamrani/ros2_humble/install/ros2component:/home/elamrani/ros2_humble/install/ros2param:/home/elamrani/ros2_humble/install/ros2lifecycle:/home/elamrani/ros2_humble/install/ros2service:/home/elamrani/ros2_humble/install/ros2run:/home/elamrani/ros2_humble/install/ros2launch:/home/elamrani/ros2_humble/install/ros2pkg:/home/elamrani/ros2_humble/install/ros2node:/home/elamrani/ros2_humble/install/ros2multicast:/home/elamrani/ros2_humble/install/ros2interface:/home/elamrani/ros2_humble/install/ros2doctor:/home/elamrani/ros2_humble/install/ros2action:/home/elamrani/ros2_humble/install/ros2cli:/home/elamrani/ros2_humble/install/quality_of_service_demo_py:/home/elamrani/ros2_humble/install/lifecycle_py:/home/elamrani/ros2_humble/install/launch_testing_ros:/home/elamrani/ros2_humble/install/launch_ros:/home/elamrani/ros2_humble/install/examples_rclpy_pointcloud_publisher:/home/elamrani/ros2_humble/install/examples_rclpy_minimal_subscriber:/home/elamrani/ros2_humble/install/examples_rclpy_minimal_service:/home/elamrani/ros2_humble/install/examples_rclpy_minimal_publisher:/home/elamrani/ros2_humble/install/examples_rclpy_minimal_client:/home/elamrani/ros2_humble/install/examples_rclpy_minimal_action_server:/home/elamrani/ros2_humble/install/examples_rclpy_minimal_action_client:/home/elamrani/ros2_humble/install/examples_rclpy_guard_conditions:/home/elamrani/ros2_humble/install/examples_rclpy_executors:/home/elamrani/ros2_humble/install/demo_nodes_py:/home/elamrani/ros2_humble/install/action_tutorials_py:/home/elamrani/ros2_humble/install/ament_uncrustify:/home/elamrani/ros2_humble/install/tracetools_trace:/home/elamrani/ros2_humble/install/tracetools_read:/home/elamrani/ros2_humble/install/test_tracetools_launch:/home/elamrani/ros2_humble/install/test_launch_ros:/home/elamrani/ros2_humble/install/sensor_msgs_py:/home/elamrani/ros2_humble/install/rpyutils:/home/elamrani/ros2_humble/install/rosidl_runtime_py:/home/elamrani/ros2_humble/install/rosidl_cli:/home/elamrani/ros2_humble/install/launch_pytest:/home/elamrani/ros2_humble/install/launch_testing:/home/elamrani/ros2_humble/install/launch_yaml:/home/elamrani/ros2_humble/install/launch_xml:/home/elamrani/ros2_humble/install/launch:/home/elamrani/ros2_humble/install/osrf_pycommon:/home/elamrani/ros2_humble/install/launch_testing_examples:/home/elamrani/ros2_humble/install/domain_coordinator:/home/elamrani/ros2_humble/install/ament_xmllint:/home/elamrani/ros2_humble/install/ament_pyflakes:/home/elamrani/ros2_humble/install/ament_pycodestyle:/home/elamrani/ros2_humble/install/ament_pep257:/home/elamrani/ros2_humble/install/ament_pclint:/home/elamrani/ros2_humble/install/ament_package:/home/elamrani/ros2_humble/install/ament_mypy:/home/elamrani/ros2_humble/install/ament_lint_cmake:/home/elamrani/ros2_humble/install/ament_flake8:/home/elamrani/ros2_humble/install/ament_copyright:/home/elamrani/ros2_humble/install/ament_lint:/home/elamrani/ros2_humble/install/ament_index_python:/home/elamrani/ros2_humble/install/ament_cpplint:/home/elamrani/ros2_humble/install/ament_cppcheck:/home/elamrani/ros2_humble/install/ament_clang_tidy:/home/elamrani/ros2_humble/install/ament_clang_format:/opt/ros/humble /usr/bin/cmake --install /home/elamrani/ROS2_WS1/build/my_robot_interfaces
[12.087s] -- Install configuration: ""
[12.088s] -- Execute custom install script
[12.088s] -- Symlinking: /home/elamrani/ROS2_WS1/install/my_robot_interfaces/share/ament_index/resource_index/rosidl_interfaces/my_robot_interfaces
[12.120s] -- Symlinking: /home/elamrani/ROS2_WS1/install/my_robot_interfaces/include/my_robot_interfaces/my_robot_interfaces/msg/detail/target_coordinates__functions.h
[12.149s] -- Symlinking: /home/elamrani/ROS2_WS1/install/my_robot_interfaces/include/my_robot_interfaces/my_robot_interfaces/msg/detail/target_coordinates__struct.h
[12.178s] -- Symlinking: /home/elamrani/ROS2_WS1/install/my_robot_interfaces/include/my_robot_interfaces/my_robot_interfaces/msg/detail/target_coordinates__type_support.h
[12.208s] -- Symlinking: /home/elamrani/ROS2_WS1/install/my_robot_interfaces/include/my_robot_interfaces/my_robot_interfaces/msg/rosidl_generator_c__visibility_control.h
[12.238s] -- Symlinking: /home/elamrani/ROS2_WS1/install/my_robot_interfaces/include/my_robot_interfaces/my_robot_interfaces/msg/target_coordinates.h
[12.267s] -- Symlinking: /home/elamrani/ROS2_WS1/install/my_robot_interfaces/share/my_robot_interfaces/environment/library_path.sh
[12.296s] -- Symlinking: /home/elamrani/ROS2_WS1/install/my_robot_interfaces/share/my_robot_interfaces/environment/library_path.dsv
[12.369s] -- Symlinking: /home/elamrani/ROS2_WS1/install/my_robot_interfaces/include/my_robot_interfaces/my_robot_interfaces/msg/detail/target_coordinates__rosidl_typesupport_fastrtps_c.h
[12.418s] -- Symlinking: /home/elamrani/ROS2_WS1/install/my_robot_interfaces/include/my_robot_interfaces/my_robot_interfaces/msg/rosidl_typesupport_fastrtps_c__visibility_control.h
[12.448s] -- Symlinking: /home/elamrani/ROS2_WS1/install/my_robot_interfaces/include/my_robot_interfaces/my_robot_interfaces/msg/detail/target_coordinates__builder.hpp
[12.477s] -- Symlinking: /home/elamrani/ROS2_WS1/install/my_robot_interfaces/include/my_robot_interfaces/my_robot_interfaces/msg/detail/target_coordinates__struct.hpp
[12.508s] -- Symlinking: /home/elamrani/ROS2_WS1/install/my_robot_interfaces/include/my_robot_interfaces/my_robot_interfaces/msg/detail/target_coordinates__traits.hpp
[12.537s] -- Symlinking: /home/elamrani/ROS2_WS1/install/my_robot_interfaces/include/my_robot_interfaces/my_robot_interfaces/msg/target_coordinates.hpp
[12.567s] -- Symlinking: /home/elamrani/ROS2_WS1/install/my_robot_interfaces/include/my_robot_interfaces/my_robot_interfaces/msg/detail/target_coordinates__rosidl_typesupport_fastrtps_cpp.hpp
[12.597s] -- Symlinking: /home/elamrani/ROS2_WS1/install/my_robot_interfaces/include/my_robot_interfaces/my_robot_interfaces/msg/rosidl_typesupport_fastrtps_cpp__visibility_control.h
[12.627s] -- Symlinking: /home/elamrani/ROS2_WS1/install/my_robot_interfaces/include/my_robot_interfaces/my_robot_interfaces/msg/detail/target_coordinates__rosidl_typesupport_introspection_c.h
[12.657s] -- Symlinking: /home/elamrani/ROS2_WS1/install/my_robot_interfaces/include/my_robot_interfaces/my_robot_interfaces/msg/rosidl_typesupport_introspection_c__visibility_control.h
[12.687s] -- Symlinking: /home/elamrani/ROS2_WS1/install/my_robot_interfaces/include/my_robot_interfaces/my_robot_interfaces/msg/detail/target_coordinates__rosidl_typesupport_introspection_cpp.hpp
[12.716s] -- Symlinking: /home/elamrani/ROS2_WS1/install/my_robot_interfaces/share/my_robot_interfaces/environment/pythonpath.sh
[12.745s] -- Symlinking: /home/elamrani/ROS2_WS1/install/my_robot_interfaces/share/my_robot_interfaces/environment/pythonpath.dsv
[12.775s] -- Symlinking: /home/elamrani/ROS2_WS1/install/my_robot_interfaces/local/lib/python3.10/dist-packages/my_robot_interfaces-0.0.0-py3.10.egg-info/PKG-INFO
[12.804s] -- Symlinking: /home/elamrani/ROS2_WS1/install/my_robot_interfaces/local/lib/python3.10/dist-packages/my_robot_interfaces-0.0.0-py3.10.egg-info/SOURCES.txt
[12.834s] -- Symlinking: /home/elamrani/ROS2_WS1/install/my_robot_interfaces/local/lib/python3.10/dist-packages/my_robot_interfaces-0.0.0-py3.10.egg-info/dependency_links.txt
[12.863s] -- Symlinking: /home/elamrani/ROS2_WS1/install/my_robot_interfaces/local/lib/python3.10/dist-packages/my_robot_interfaces-0.0.0-py3.10.egg-info/top_level.txt
[12.893s] -- Symlinking: /home/elamrani/ROS2_WS1/install/my_robot_interfaces/local/lib/python3.10/dist-packages/my_robot_interfaces/__init__.py
[12.924s] -- Symlinking: /home/elamrani/ROS2_WS1/install/my_robot_interfaces/local/lib/python3.10/dist-packages/my_robot_interfaces/_my_robot_interfaces_s.ep.rosidl_typesupport_c.c
[12.953s] -- Symlinking: /home/elamrani/ROS2_WS1/install/my_robot_interfaces/local/lib/python3.10/dist-packages/my_robot_interfaces/_my_robot_interfaces_s.ep.rosidl_typesupport_fastrtps_c.c
[12.983s] -- Symlinking: /home/elamrani/ROS2_WS1/install/my_robot_interfaces/local/lib/python3.10/dist-packages/my_robot_interfaces/_my_robot_interfaces_s.ep.rosidl_typesupport_introspection_c.c
[13.012s] -- Symlinking: /home/elamrani/ROS2_WS1/install/my_robot_interfaces/local/lib/python3.10/dist-packages/my_robot_interfaces/libmy_robot_interfaces__rosidl_generator_py.so
[13.041s] -- Symlinking: /home/elamrani/ROS2_WS1/install/my_robot_interfaces/local/lib/python3.10/dist-packages/my_robot_interfaces/msg/__init__.py
[13.070s] -- Symlinking: /home/elamrani/ROS2_WS1/install/my_robot_interfaces/local/lib/python3.10/dist-packages/my_robot_interfaces/msg/_target_coordinates.py
[13.100s] -- Symlinking: /home/elamrani/ROS2_WS1/install/my_robot_interfaces/local/lib/python3.10/dist-packages/my_robot_interfaces/msg/_target_coordinates_s.c
[13.130s] -- Symlinking: /home/elamrani/ROS2_WS1/install/my_robot_interfaces/local/lib/python3.10/dist-packages/my_robot_interfaces/my_robot_interfaces_s__rosidl_typesupport_c.cpython-310-x86_64-linux-gnu.so
[13.159s] -- Symlinking: /home/elamrani/ROS2_WS1/install/my_robot_interfaces/local/lib/python3.10/dist-packages/my_robot_interfaces/my_robot_interfaces_s__rosidl_typesupport_fastrtps_c.cpython-310-x86_64-linux-gnu.so
[13.189s] -- Symlinking: /home/elamrani/ROS2_WS1/install/my_robot_interfaces/local/lib/python3.10/dist-packages/my_robot_interfaces/my_robot_interfaces_s__rosidl_typesupport_introspection_c.cpython-310-x86_64-linux-gnu.so
[13.219s] -- Up-to-date symlink: /home/elamrani/ROS2_WS1/install/my_robot_interfaces/local/lib/python3.10/dist-packages/my_robot_interfaces/my_robot_interfaces_s__rosidl_typesupport_introspection_c.cpython-310-x86_64-linux-gnu.so
[13.220s] -- Up-to-date symlink: /home/elamrani/ROS2_WS1/install/my_robot_interfaces/local/lib/python3.10/dist-packages/my_robot_interfaces/my_robot_interfaces_s__rosidl_typesupport_fastrtps_c.cpython-310-x86_64-linux-gnu.so
[13.220s] -- Up-to-date symlink: /home/elamrani/ROS2_WS1/install/my_robot_interfaces/local/lib/python3.10/dist-packages/my_robot_interfaces/my_robot_interfaces_s__rosidl_typesupport_c.cpython-310-x86_64-linux-gnu.so
[13.221s] -- Symlinking: /home/elamrani/ROS2_WS1/install/my_robot_interfaces/share/my_robot_interfaces/msg/TargetCoordinates.idl
[13.251s] -- Symlinking: /home/elamrani/ROS2_WS1/install/my_robot_interfaces/share/my_robot_interfaces/msg/TargetCoordinates.msg
[13.280s] -- Symlinking: /home/elamrani/ROS2_WS1/install/my_robot_interfaces/share/ament_index/resource_index/package_run_dependencies/my_robot_interfaces
[13.311s] -- Symlinking: /home/elamrani/ROS2_WS1/install/my_robot_interfaces/share/ament_index/resource_index/parent_prefix_path/my_robot_interfaces
[13.340s] -- Symlinking: /home/elamrani/ROS2_WS1/install/my_robot_interfaces/share/my_robot_interfaces/environment/ament_prefix_path.sh
[13.370s] -- Symlinking: /home/elamrani/ROS2_WS1/install/my_robot_interfaces/share/my_robot_interfaces/environment/ament_prefix_path.dsv
[13.400s] -- Symlinking: /home/elamrani/ROS2_WS1/install/my_robot_interfaces/share/my_robot_interfaces/environment/path.sh
[13.429s] -- Symlinking: /home/elamrani/ROS2_WS1/install/my_robot_interfaces/share/my_robot_interfaces/environment/path.dsv
[13.458s] -- Symlinking: /home/elamrani/ROS2_WS1/install/my_robot_interfaces/share/my_robot_interfaces/local_setup.bash
[13.488s] -- Symlinking: /home/elamrani/ROS2_WS1/install/my_robot_interfaces/share/my_robot_interfaces/local_setup.sh
[13.519s] -- Symlinking: /home/elamrani/ROS2_WS1/install/my_robot_interfaces/share/my_robot_interfaces/local_setup.zsh
[13.548s] -- Symlinking: /home/elamrani/ROS2_WS1/install/my_robot_interfaces/share/my_robot_interfaces/local_setup.dsv
[13.578s] -- Symlinking: /home/elamrani/ROS2_WS1/install/my_robot_interfaces/share/my_robot_interfaces/package.dsv
[13.610s] -- Symlinking: /home/elamrani/ROS2_WS1/install/my_robot_interfaces/share/ament_index/resource_index/packages/my_robot_interfaces
[13.638s] -- Symlinking: /home/elamrani/ROS2_WS1/install/my_robot_interfaces/share/my_robot_interfaces/cmake/rosidl_cmake-extras.cmake
[13.668s] -- Symlinking: /home/elamrani/ROS2_WS1/install/my_robot_interfaces/share/my_robot_interfaces/cmake/ament_cmake_export_dependencies-extras.cmake
[13.698s] -- Symlinking: /home/elamrani/ROS2_WS1/install/my_robot_interfaces/share/my_robot_interfaces/cmake/ament_cmake_export_include_directories-extras.cmake
[13.727s] -- Symlinking: /home/elamrani/ROS2_WS1/install/my_robot_interfaces/share/my_robot_interfaces/cmake/ament_cmake_export_libraries-extras.cmake
[13.756s] -- Symlinking: /home/elamrani/ROS2_WS1/install/my_robot_interfaces/share/my_robot_interfaces/cmake/ament_cmake_export_targets-extras.cmake
[13.786s] -- Symlinking: /home/elamrani/ROS2_WS1/install/my_robot_interfaces/share/my_robot_interfaces/cmake/rosidl_cmake_export_typesupport_targets-extras.cmake
[13.817s] -- Symlinking: /home/elamrani/ROS2_WS1/install/my_robot_interfaces/share/my_robot_interfaces/cmake/rosidl_cmake_export_typesupport_libraries-extras.cmake
[13.848s] -- Symlinking: /home/elamrani/ROS2_WS1/install/my_robot_interfaces/share/my_robot_interfaces/cmake/my_robot_interfacesConfig.cmake
[13.879s] -- Symlinking: /home/elamrani/ROS2_WS1/install/my_robot_interfaces/share/my_robot_interfaces/cmake/my_robot_interfacesConfig-version.cmake
[13.910s] -- Symlinking: /home/elamrani/ROS2_WS1/install/my_robot_interfaces/share/my_robot_interfaces/package.xml
[13.940s] -- Installing: /home/elamrani/ROS2_WS1/install/my_robot_interfaces/lib/libmy_robot_interfaces__rosidl_generator_c.so
[13.940s] -- Set runtime path of "/home/elamrani/ROS2_WS1/install/my_robot_interfaces/lib/libmy_robot_interfaces__rosidl_generator_c.so" to ""
[13.941s] -- Installing: /home/elamrani/ROS2_WS1/install/my_robot_interfaces/lib/libmy_robot_interfaces__rosidl_typesupport_fastrtps_c.so
[13.941s] -- Set runtime path of "/home/elamrani/ROS2_WS1/install/my_robot_interfaces/lib/libmy_robot_interfaces__rosidl_typesupport_fastrtps_c.so" to ""
[13.942s] -- Installing: /home/elamrani/ROS2_WS1/install/my_robot_interfaces/lib/libmy_robot_interfaces__rosidl_typesupport_fastrtps_cpp.so
[13.943s] -- Set runtime path of "/home/elamrani/ROS2_WS1/install/my_robot_interfaces/lib/libmy_robot_interfaces__rosidl_typesupport_fastrtps_cpp.so" to ""
[13.943s] -- Installing: /home/elamrani/ROS2_WS1/install/my_robot_interfaces/lib/libmy_robot_interfaces__rosidl_typesupport_introspection_c.so
[13.944s] -- Set runtime path of "/home/elamrani/ROS2_WS1/install/my_robot_interfaces/lib/libmy_robot_interfaces__rosidl_typesupport_introspection_c.so" to ""
[13.944s] -- Installing: /home/elamrani/ROS2_WS1/install/my_robot_interfaces/lib/libmy_robot_interfaces__rosidl_typesupport_c.so
[13.945s] -- Set runtime path of "/home/elamrani/ROS2_WS1/install/my_robot_interfaces/lib/libmy_robot_interfaces__rosidl_typesupport_c.so" to ""
[13.945s] -- Installing: /home/elamrani/ROS2_WS1/install/my_robot_interfaces/lib/libmy_robot_interfaces__rosidl_typesupport_introspection_cpp.so
[13.946s] -- Set runtime path of "/home/elamrani/ROS2_WS1/install/my_robot_interfaces/lib/libmy_robot_interfaces__rosidl_typesupport_introspection_cpp.so" to ""
[13.946s] -- Installing: /home/elamrani/ROS2_WS1/install/my_robot_interfaces/lib/libmy_robot_interfaces__rosidl_typesupport_cpp.so
[13.947s] -- Set runtime path of "/home/elamrani/ROS2_WS1/install/my_robot_interfaces/lib/libmy_robot_interfaces__rosidl_typesupport_cpp.so" to ""
[14.164s] Listing '/home/elamrani/ROS2_WS1/install/my_robot_interfaces/local/lib/python3.10/dist-packages/my_robot_interfaces'...
[14.164s] Compiling '/home/elamrani/ROS2_WS1/install/my_robot_interfaces/local/lib/python3.10/dist-packages/my_robot_interfaces/__init__.py'...
[14.165s] Listing '/home/elamrani/ROS2_WS1/install/my_robot_interfaces/local/lib/python3.10/dist-packages/my_robot_interfaces/msg'...
[14.165s] Compiling '/home/elamrani/ROS2_WS1/install/my_robot_interfaces/local/lib/python3.10/dist-packages/my_robot_interfaces/msg/__init__.py'...
[14.165s] Compiling '/home/elamrani/ROS2_WS1/install/my_robot_interfaces/local/lib/python3.10/dist-packages/my_robot_interfaces/msg/_target_coordinates.py'...
[14.171s] -- Installing: /home/elamrani/ROS2_WS1/install/my_robot_interfaces/lib/libmy_robot_interfaces__rosidl_generator_py.so
[14.172s] -- Set runtime path of "/home/elamrani/ROS2_WS1/install/my_robot_interfaces/lib/libmy_robot_interfaces__rosidl_generator_py.so" to ""
[14.172s] -- Installing: /home/elamrani/ROS2_WS1/install/my_robot_interfaces/share/my_robot_interfaces/cmake/export_my_robot_interfaces__rosidl_generator_cExport.cmake
[14.172s] -- Installing: /home/elamrani/ROS2_WS1/install/my_robot_interfaces/share/my_robot_interfaces/cmake/export_my_robot_interfaces__rosidl_generator_cExport-noconfig.cmake
[14.173s] -- Installing: /home/elamrani/ROS2_WS1/install/my_robot_interfaces/share/my_robot_interfaces/cmake/export_my_robot_interfaces__rosidl_typesupport_fastrtps_cExport.cmake
[14.173s] -- Installing: /home/elamrani/ROS2_WS1/install/my_robot_interfaces/share/my_robot_interfaces/cmake/export_my_robot_interfaces__rosidl_typesupport_fastrtps_cExport-noconfig.cmake
[14.173s] -- Installing: /home/elamrani/ROS2_WS1/install/my_robot_interfaces/share/my_robot_interfaces/cmake/export_my_robot_interfaces__rosidl_generator_cppExport.cmake
[14.174s] -- Installing: /home/elamrani/ROS2_WS1/install/my_robot_interfaces/share/my_robot_interfaces/cmake/export_my_robot_interfaces__rosidl_typesupport_fastrtps_cppExport.cmake
[14.174s] -- Installing: /home/elamrani/ROS2_WS1/install/my_robot_interfaces/share/my_robot_interfaces/cmake/export_my_robot_interfaces__rosidl_typesupport_fastrtps_cppExport-noconfig.cmake
[14.174s] -- Installing: /home/elamrani/ROS2_WS1/install/my_robot_interfaces/share/my_robot_interfaces/cmake/my_robot_interfaces__rosidl_typesupport_introspection_cExport.cmake
[14.174s] -- Installing: /home/elamrani/ROS2_WS1/install/my_robot_interfaces/share/my_robot_interfaces/cmake/my_robot_interfaces__rosidl_typesupport_introspection_cExport-noconfig.cmake
[14.174s] -- Installing: /home/elamrani/ROS2_WS1/install/my_robot_interfaces/share/my_robot_interfaces/cmake/my_robot_interfaces__rosidl_typesupport_cExport.cmake
[14.175s] -- Installing: /home/elamrani/ROS2_WS1/install/my_robot_interfaces/share/my_robot_interfaces/cmake/my_robot_interfaces__rosidl_typesupport_cExport-noconfig.cmake
[14.175s] -- Installing: /home/elamrani/ROS2_WS1/install/my_robot_interfaces/share/my_robot_interfaces/cmake/my_robot_interfaces__rosidl_typesupport_introspection_cppExport.cmake
[14.175s] -- Installing: /home/elamrani/ROS2_WS1/install/my_robot_interfaces/share/my_robot_interfaces/cmake/my_robot_interfaces__rosidl_typesupport_introspection_cppExport-noconfig.cmake
[14.176s] -- Installing: /home/elamrani/ROS2_WS1/install/my_robot_interfaces/share/my_robot_interfaces/cmake/my_robot_interfaces__rosidl_typesupport_cppExport.cmake
[14.176s] -- Installing: /home/elamrani/ROS2_WS1/install/my_robot_interfaces/share/my_robot_interfaces/cmake/my_robot_interfaces__rosidl_typesupport_cppExport-noconfig.cmake
[14.176s] -- Installing: /home/elamrani/ROS2_WS1/install/my_robot_interfaces/share/my_robot_interfaces/cmake/export_my_robot_interfaces__rosidl_generator_pyExport.cmake
[14.177s] -- Installing: /home/elamrani/ROS2_WS1/install/my_robot_interfaces/share/my_robot_interfaces/cmake/export_my_robot_interfaces__rosidl_generator_pyExport-noconfig.cmake
[14.182s] Invoked command in '/home/elamrani/ROS2_WS1/build/my_robot_interfaces' returned '0': CMAKE_PREFIX_PATH=${CMAKE_PREFIX_PATH}:/home/elamrani/ROS2_WS1/install/my_py_pkg:/home/elamrani/ros2_humble/install/rqt_bag_plugins:/home/elamrani/ros2_humble/install/rqt_bag:/home/elamrani/ros2_humble/install/ros2bag:/home/elamrani/ros2_humble/install/tracetools_test:/home/elamrani/ros2_humble/install/tracetools_launch:/home/elamrani/ros2_humble/install/topic_monitor:/home/elamrani/ros2_humble/install/tf2_tools:/home/elamrani/ros2_humble/install/examples_tf2_py:/home/elamrani/ros2_humble/install/tf2_ros_py:/home/elamrani/ros2_humble/install/sros2:/home/elamrani/ros2_humble/install/rqt_topic:/home/elamrani/ros2_humble/install/rqt_srv:/home/elamrani/ros2_humble/install/rqt_shell:/home/elamrani/ros2_humble/install/rqt_service_caller:/home/elamrani/ros2_humble/install/rqt_reconfigure:/home/elamrani/ros2_humble/install/rqt_py_console:/home/elamrani/ros2_humble/install/rqt_publisher:/home/elamrani/ros2_humble/install/rqt_plot:/home/elamrani/ros2_humble/install/rqt_action:/home/elamrani/ros2_humble/install/rqt_msg:/home/elamrani/ros2_humble/install/rqt_console:/home/elamrani/ros2_humble/install/rqt:/home/elamrani/ros2_humble/install/rqt_graph:/home/elamrani/ros2_humble/install/rqt_gui_py:/home/elamrani/ros2_humble/install/rqt_gui:/home/elamrani/ros2_humble/install/ros2trace:/home/elamrani/ros2_humble/install/ros2topic:/home/elamrani/ros2_humble/install/ros2test:/home/elamrani/ros2_humble/install/ros2component:/home/elamrani/ros2_humble/install/ros2param:/home/elamrani/ros2_humble/install/ros2lifecycle:/home/elamrani/ros2_humble/install/ros2service:/home/elamrani/ros2_humble/install/ros2run:/home/elamrani/ros2_humble/install/ros2launch:/home/elamrani/ros2_humble/install/ros2pkg:/home/elamrani/ros2_humble/install/ros2node:/home/elamrani/ros2_humble/install/ros2multicast:/home/elamrani/ros2_humble/install/ros2interface:/home/elamrani/ros2_humble/install/ros2doctor:/home/elamrani/ros2_humble/install/ros2action:/home/elamrani/ros2_humble/install/ros2cli:/home/elamrani/ros2_humble/install/quality_of_service_demo_py:/home/elamrani/ros2_humble/install/lifecycle_py:/home/elamrani/ros2_humble/install/launch_testing_ros:/home/elamrani/ros2_humble/install/launch_ros:/home/elamrani/ros2_humble/install/examples_rclpy_pointcloud_publisher:/home/elamrani/ros2_humble/install/examples_rclpy_minimal_subscriber:/home/elamrani/ros2_humble/install/examples_rclpy_minimal_service:/home/elamrani/ros2_humble/install/examples_rclpy_minimal_publisher:/home/elamrani/ros2_humble/install/examples_rclpy_minimal_client:/home/elamrani/ros2_humble/install/examples_rclpy_minimal_action_server:/home/elamrani/ros2_humble/install/examples_rclpy_minimal_action_client:/home/elamrani/ros2_humble/install/examples_rclpy_guard_conditions:/home/elamrani/ros2_humble/install/examples_rclpy_executors:/home/elamrani/ros2_humble/install/demo_nodes_py:/home/elamrani/ros2_humble/install/action_tutorials_py:/home/elamrani/ros2_humble/install/ament_uncrustify:/home/elamrani/ros2_humble/install/tracetools_trace:/home/elamrani/ros2_humble/install/tracetools_read:/home/elamrani/ros2_humble/install/test_tracetools_launch:/home/elamrani/ros2_humble/install/test_launch_ros:/home/elamrani/ros2_humble/install/sensor_msgs_py:/home/elamrani/ros2_humble/install/rpyutils:/home/elamrani/ros2_humble/install/rosidl_runtime_py:/home/elamrani/ros2_humble/install/rosidl_cli:/home/elamrani/ros2_humble/install/launch_pytest:/home/elamrani/ros2_humble/install/launch_testing:/home/elamrani/ros2_humble/install/launch_yaml:/home/elamrani/ros2_humble/install/launch_xml:/home/elamrani/ros2_humble/install/launch:/home/elamrani/ros2_humble/install/osrf_pycommon:/home/elamrani/ros2_humble/install/launch_testing_examples:/home/elamrani/ros2_humble/install/domain_coordinator:/home/elamrani/ros2_humble/install/ament_xmllint:/home/elamrani/ros2_humble/install/ament_pyflakes:/home/elamrani/ros2_humble/install/ament_pycodestyle:/home/elamrani/ros2_humble/install/ament_pep257:/home/elamrani/ros2_humble/install/ament_pclint:/home/elamrani/ros2_humble/install/ament_package:/home/elamrani/ros2_humble/install/ament_mypy:/home/elamrani/ros2_humble/install/ament_lint_cmake:/home/elamrani/ros2_humble/install/ament_flake8:/home/elamrani/ros2_humble/install/ament_copyright:/home/elamrani/ros2_humble/install/ament_lint:/home/elamrani/ros2_humble/install/ament_index_python:/home/elamrani/ros2_humble/install/ament_cpplint:/home/elamrani/ros2_humble/install/ament_cppcheck:/home/elamrani/ros2_humble/install/ament_clang_tidy:/home/elamrani/ros2_humble/install/ament_clang_format:/opt/ros/humble /usr/bin/cmake --install /home/elamrani/ROS2_WS1/build/my_robot_interfaces
